<?xml version="1.0" encoding="UTF-8"?>
<testsuite xmlns:xsi="http://www.w3.org/2001/XMLSchema-instance" xsi:noNamespaceSchemaLocation="https://maven.apache.org/surefire/maven-surefire-plugin/xsd/surefire-test-report-3.0.xsd" version="3.0" name="org.springframework.samples.petclinic.PostgresIntegrationTests" time="32.822" tests="2" errors="0" skipped="0" failures="0">
  <properties>
[...]
</properties>
  <testcase name="testFindAll" classname="org.springframework.samples.petclinic.PostgresIntegrationTests" time="1.247">
    <system-out><![CDATA[21:50:57.446 [main] INFO org.springframework.test.context.support.AnnotationConfigContextLoaderUtils -- Could not detect default configuration classes for test class [org.springframework.samples.petclinic.PostgresIntegrationTests]: PostgresIntegrationTests does not declare any static, non-private, non-final, nested classes annotated with @Configuration.
21:50:57.802 [main] INFO org.springframework.boot.test.context.SpringBootTestContextBootstrapper -- Found @SpringBootConfiguration org.springframework.samples.petclinic.PetClinicApplication for test class org.springframework.samples.petclinic.PostgresIntegrationTests


              |\      _,,,--,,_
             /,`.-'`'   ._  \-;;,_
  _______ __|,4-  ) )_   .;.(__`'-'__     ___ __    _ ___ _______
 |       | '---''(_/._)-'(_\_)   |   |   |   |  |  | |   |       |
 |    _  |    ___|_     _|       |   |   |   |   |_| |   |       | __ _ _
 |   |_| |   |___  |   | |       |   |   |   |       |   |       | \ \ \ \
 |    ___|    ___| |   | |      _|   |___|   |  _    |   |      _|  \ \ \ \
 |   |   |   |___  |   | |     |_|       |   | | |   |   |     |_    ) ) ) )
 |___|   |_______| |___| |_______|_______|___|_|  |__|___|_______|  / / / /
 ==================================================================/_/_/_/

:: Built with Spring Boot :: 3.1.0


2023-06-22T21:50:59.644Z  INFO [app,,] org.springframework.boot.StartupInfoLogger 13620 --- [           main] o.s.s.p.PostgresIntegrationTests         : Starting PostgresIntegrationTests using Java 17.0.7 with PID 13620 (started by root in /home/ubuntu/last)
2023-06-22T21:50:59.655Z  INFO [app,,] org.springframework.boot.SpringApplication 13620 --- [           main] o.s.s.p.PostgresIntegrationTests         : The following 1 profile is active: "postgres"
2023-06-22T21:50:59.798Z  INFO [app,,] org.springframework.boot.docker.compose.lifecycle.DockerComposeLifecycleManager 13620 --- [           main] .s.b.d.c.l.DockerComposeLifecycleManager : Using Docker Compose file '/home/ubuntu/last/docker-compose.yml'
2023-06-22T21:51:01.342Z  INFO [app,,] org.springframework.boot.logging.LogLevel 13620 --- [utReader-stderr] o.s.boot.docker.compose.core.DockerCli   :  postgres Pulling 
2023-06-22T21:51:02.533Z  INFO [app,,] org.springframework.boot.logging.LogLevel 13620 --- [utReader-stderr] o.s.boot.docker.compose.core.DockerCli   :  5b5fe70539cd Pulling fs layer 
2023-06-22T21:51:02.535Z  INFO [app,,] org.springframework.boot.logging.LogLevel 13620 --- [utReader-stderr] o.s.boot.docker.compose.core.DockerCli   :  254f758dbb83 Pulling fs layer 
2023-06-22T21:51:02.535Z  INFO [app,,] org.springframework.boot.logging.LogLevel 13620 --- [utReader-stderr] o.s.boot.docker.compose.core.DockerCli   :  a50b6f601ef0 Pulling fs layer 
2023-06-22T21:51:02.535Z  INFO [app,,] org.springframework.boot.logging.LogLevel 13620 --- [utReader-stderr] o.s.boot.docker.compose.core.DockerCli   :  b2a96a17b000 Pulling fs layer 
2023-06-22T21:51:02.536Z  INFO [app,,] org.springframework.boot.logging.LogLevel 13620 --- [utReader-stderr] o.s.boot.docker.compose.core.DockerCli   :  b08a8624844f Pulling fs layer 
2023-06-22T21:51:02.536Z  INFO [app,,] org.springframework.boot.logging.LogLevel 13620 --- [utReader-stderr] o.s.boot.docker.compose.core.DockerCli   :  9fb1f8c3deef Pulling fs layer 
2023-06-22T21:51:02.537Z  INFO [app,,] org.springframework.boot.logging.LogLevel 13620 --- [utReader-stderr] o.s.boot.docker.compose.core.DockerCli   :  fb374f351a53 Pulling fs layer 
2023-06-22T21:51:02.537Z  INFO [app,,] org.springframework.boot.logging.LogLevel 13620 --- [utReader-stderr] o.s.boot.docker.compose.core.DockerCli   :  7b3d9f705bf0 Pulling fs layer 
2023-06-22T21:51:02.538Z  INFO [app,,] org.springframework.boot.logging.LogLevel 13620 --- [utReader-stderr] o.s.boot.docker.compose.core.DockerCli   :  a85d8c4f987c Pulling fs layer 
2023-06-22T21:51:02.538Z  INFO [app,,] org.springframework.boot.logging.LogLevel 13620 --- [utReader-stderr] o.s.boot.docker.compose.core.DockerCli   :  0543b0f5d286 Pulling fs layer 
2023-06-22T21:51:02.539Z  INFO [app,,] org.springframework.boot.logging.LogLevel 13620 --- [utReader-stderr] o.s.boot.docker.compose.core.DockerCli   :  28bb5ab88d7a Pulling fs layer 
2023-06-22T21:51:02.539Z  INFO [app,,] org.springframework.boot.logging.LogLevel 13620 --- [utReader-stderr] o.s.boot.docker.compose.core.DockerCli   :  fdb6f3d907fc Pulling fs layer 
2023-06-22T21:51:02.539Z  INFO [app,,] org.springframework.boot.logging.LogLevel 13620 --- [utReader-stderr] o.s.boot.docker.compose.core.DockerCli   :  f06aa6280d55 Pulling fs layer 
2023-06-22T21:51:02.540Z  INFO [app,,] org.springframework.boot.logging.LogLevel 13620 --- [utReader-stderr] o.s.boot.docker.compose.core.DockerCli   :  b2a96a17b000 Waiting 
2023-06-22T21:51:02.540Z  INFO [app,,] org.springframework.boot.logging.LogLevel 13620 --- [utReader-stderr] o.s.boot.docker.compose.core.DockerCli   :  b08a8624844f Waiting 
2023-06-22T21:51:02.541Z  INFO [app,,] org.springframework.boot.logging.LogLevel 13620 --- [utReader-stderr] o.s.boot.docker.compose.core.DockerCli   :  9fb1f8c3deef Waiting 
2023-06-22T21:51:02.541Z  INFO [app,,] org.springframework.boot.logging.LogLevel 13620 --- [utReader-stderr] o.s.boot.docker.compose.core.DockerCli   :  fb374f351a53 Waiting 
2023-06-22T21:51:02.541Z  INFO [app,,] org.springframework.boot.logging.LogLevel 13620 --- [utReader-stderr] o.s.boot.docker.compose.core.DockerCli   :  7b3d9f705bf0 Waiting 
2023-06-22T21:51:02.543Z  INFO [app,,] org.springframework.boot.logging.LogLevel 13620 --- [utReader-stderr] o.s.boot.docker.compose.core.DockerCli   :  a85d8c4f987c Waiting 
2023-06-22T21:51:02.544Z  INFO [app,,] org.springframework.boot.logging.LogLevel 13620 --- [utReader-stderr] o.s.boot.docker.compose.core.DockerCli   :  0543b0f5d286 Waiting 
2023-06-22T21:51:02.545Z  INFO [app,,] org.springframework.boot.logging.LogLevel 13620 --- [utReader-stderr] o.s.boot.docker.compose.core.DockerCli   :  28bb5ab88d7a Waiting 
2023-06-22T21:51:02.545Z  INFO [app,,] org.springframework.boot.logging.LogLevel 13620 --- [utReader-stderr] o.s.boot.docker.compose.core.DockerCli   :  fdb6f3d907fc Waiting 
2023-06-22T21:51:02.546Z  INFO [app,,] org.springframework.boot.logging.LogLevel 13620 --- [utReader-stderr] o.s.boot.docker.compose.core.DockerCli   :  f06aa6280d55 Waiting 
2023-06-22T21:51:02.790Z  INFO [app,,] org.springframework.boot.logging.LogLevel 13620 --- [utReader-stderr] o.s.boot.docker.compose.core.DockerCli   :  a50b6f601ef0 Downloading [>                                                  ]  46.46kB/4.619MB
2023-06-22T21:51:02.822Z  INFO [app,,] org.springframework.boot.logging.LogLevel 13620 --- [utReader-stderr] o.s.boot.docker.compose.core.DockerCli   :  254f758dbb83 Downloading [==================================================>]  1.209kB/1.209kB
2023-06-22T21:51:02.824Z  INFO [app,,] org.springframework.boot.logging.LogLevel 13620 --- [utReader-stderr] o.s.boot.docker.compose.core.DockerCli   :  254f758dbb83 Verifying Checksum 
2023-06-22T21:51:02.825Z  INFO [app,,] org.springframework.boot.logging.LogLevel 13620 --- [utReader-stderr] o.s.boot.docker.compose.core.DockerCli   :  254f758dbb83 Download complete 
2023-06-22T21:51:02.867Z  INFO [app,,] org.springframework.boot.logging.LogLevel 13620 --- [utReader-stderr] o.s.boot.docker.compose.core.DockerCli   :  5b5fe70539cd Downloading [>                                                  ]  294.9kB/29.12MB
2023-06-22T21:51:02.893Z  INFO [app,,] org.springframework.boot.logging.LogLevel 13620 --- [utReader-stderr] o.s.boot.docker.compose.core.DockerCli   :  a50b6f601ef0 Downloading [========>                                          ]  739.7kB/4.619MB
2023-06-22T21:51:02.966Z  INFO [app,,] org.springframework.boot.logging.LogLevel 13620 --- [utReader-stderr] o.s.boot.docker.compose.core.DockerCli   :  5b5fe70539cd Downloading [===>                                               ]  1.779MB/29.12MB
2023-06-22T21:51:02.996Z  INFO [app,,] org.springframework.boot.logging.LogLevel 13620 --- [utReader-stderr] o.s.boot.docker.compose.core.DockerCli   :  a50b6f601ef0 Downloading [========================>                          ]  2.263MB/4.619MB
2023-06-22T21:51:03.070Z  INFO [app,,] org.springframework.boot.logging.LogLevel 13620 --- [utReader-stderr] o.s.boot.docker.compose.core.DockerCli   :  5b5fe70539cd Downloading [==========>                                        ]  5.953MB/29.12MB
2023-06-22T21:51:03.072Z  INFO [app,,] org.springframework.boot.logging.LogLevel 13620 --- [utReader-stderr] o.s.boot.docker.compose.core.DockerCli   :  a50b6f601ef0 Verifying Checksum 
2023-06-22T21:51:03.073Z  INFO [app,,] org.springframework.boot.logging.LogLevel 13620 --- [utReader-stderr] o.s.boot.docker.compose.core.DockerCli   :  a50b6f601ef0 Download complete 
2023-06-22T21:51:03.151Z  INFO [app,,] org.springframework.boot.logging.LogLevel 13620 --- [utReader-stderr] o.s.boot.docker.compose.core.DockerCli   :  b2a96a17b000 Downloading [>                                                  ]  15.78kB/1.445MB
2023-06-22T21:51:03.173Z  INFO [app,,] org.springframework.boot.logging.LogLevel 13620 --- [utReader-stderr] o.s.boot.docker.compose.core.DockerCli   :  5b5fe70539cd Downloading [===========================>                       ]  15.81MB/29.12MB
2023-06-22T21:51:03.253Z  INFO [app,,] org.springframework.boot.logging.LogLevel 13620 --- [utReader-stderr] o.s.boot.docker.compose.core.DockerCli   :  b2a96a17b000 Downloading [==============================>                    ]  871.7kB/1.445MB
2023-06-22T21:51:03.274Z  INFO [app,,] org.springframework.boot.logging.LogLevel 13620 --- [utReader-stderr] o.s.boot.docker.compose.core.DockerCli   :  5b5fe70539cd Downloading [===============================================>   ]  27.42MB/29.12MB
2023-06-22T21:51:03.287Z  INFO [app,,] org.springframework.boot.logging.LogLevel 13620 --- [utReader-stderr] o.s.boot.docker.compose.core.DockerCli   :  5b5fe70539cd Verifying Checksum 
2023-06-22T21:51:03.289Z  INFO [app,,] org.springframework.boot.logging.LogLevel 13620 --- [utReader-stderr] o.s.boot.docker.compose.core.DockerCli   :  5b5fe70539cd Download complete 
2023-06-22T21:51:03.292Z  INFO [app,,] org.springframework.boot.logging.LogLevel 13620 --- [utReader-stderr] o.s.boot.docker.compose.core.DockerCli   :  b2a96a17b000 Verifying Checksum 
2023-06-22T21:51:03.293Z  INFO [app,,] org.springframework.boot.logging.LogLevel 13620 --- [utReader-stderr] o.s.boot.docker.compose.core.DockerCli   :  b2a96a17b000 Download complete 
2023-06-22T21:51:03.319Z  INFO [app,,] org.springframework.boot.logging.LogLevel 13620 --- [utReader-stderr] o.s.boot.docker.compose.core.DockerCli   :  5b5fe70539cd Extracting [>                                                  ]  294.9kB/29.12MB
2023-06-22T21:51:03.361Z  INFO [app,,] org.springframework.boot.logging.LogLevel 13620 --- [utReader-stderr] o.s.boot.docker.compose.core.DockerCli   :  b08a8624844f Downloading [>                                                  ]  81.73kB/8.065MB
2023-06-22T21:51:03.436Z  INFO [app,,] org.springframework.boot.logging.LogLevel 13620 --- [utReader-stderr] o.s.boot.docker.compose.core.DockerCli   :  5b5fe70539cd Extracting [====>                                              ]  2.359MB/29.12MB
2023-06-22T21:51:03.468Z  INFO [app,,] org.springframework.boot.logging.LogLevel 13620 --- [utReader-stderr] o.s.boot.docker.compose.core.DockerCli   :  b08a8624844f Downloading [============================>                      ]  4.537MB/8.065MB
2023-06-22T21:51:03.513Z  INFO [app,,] org.springframework.boot.logging.LogLevel 13620 --- [utReader-stderr] o.s.boot.docker.compose.core.DockerCli   :  b08a8624844f Verifying Checksum 
2023-06-22T21:51:03.517Z  INFO [app,,] org.springframework.boot.logging.LogLevel 13620 --- [utReader-stderr] o.s.boot.docker.compose.core.DockerCli   :  b08a8624844f Download complete 
2023-06-22T21:51:03.544Z  INFO [app,,] org.springframework.boot.logging.LogLevel 13620 --- [utReader-stderr] o.s.boot.docker.compose.core.DockerCli   :  5b5fe70539cd Extracting [========>                                          ]  4.719MB/29.12MB
2023-06-22T21:51:03.559Z  INFO [app,,] org.springframework.boot.logging.LogLevel 13620 --- [utReader-stderr] o.s.boot.docker.compose.core.DockerCli   :  fb374f351a53 Downloading [==================================================>]     149B/149B
2023-06-22T21:51:03.561Z  INFO [app,,] org.springframework.boot.logging.LogLevel 13620 --- [utReader-stderr] o.s.boot.docker.compose.core.DockerCli   :  fb374f351a53 Verifying Checksum 
2023-06-22T21:51:03.561Z  INFO [app,,] org.springframework.boot.logging.LogLevel 13620 --- [utReader-stderr] o.s.boot.docker.compose.core.DockerCli   :  fb374f351a53 Download complete 
2023-06-22T21:51:03.576Z  INFO [app,,] org.springframework.boot.logging.LogLevel 13620 --- [utReader-stderr] o.s.boot.docker.compose.core.DockerCli   :  9fb1f8c3deef Downloading [>                                                  ]  15.06kB/1.406MB
2023-06-22T21:51:03.639Z  INFO [app,,] org.springframework.boot.logging.LogLevel 13620 --- [utReader-stderr] o.s.boot.docker.compose.core.DockerCli   :  9fb1f8c3deef Verifying Checksum 
2023-06-22T21:51:03.641Z  INFO [app,,] org.springframework.boot.logging.LogLevel 13620 --- [utReader-stderr] o.s.boot.docker.compose.core.DockerCli   :  9fb1f8c3deef Download complete 
2023-06-22T21:51:03.654Z  INFO [app,,] org.springframework.boot.logging.LogLevel 13620 --- [utReader-stderr] o.s.boot.docker.compose.core.DockerCli   :  5b5fe70539cd Extracting [============>                                      ]  7.373MB/29.12MB
2023-06-22T21:51:03.787Z  INFO [app,,] org.springframework.boot.logging.LogLevel 13620 --- [utReader-stderr] o.s.boot.docker.compose.core.DockerCli   :  5b5fe70539cd Extracting [===============>                                   ]  9.142MB/29.12MB
2023-06-22T21:51:03.838Z  INFO [app,,] org.springframework.boot.logging.LogLevel 13620 --- [utReader-stderr] o.s.boot.docker.compose.core.DockerCli   :  7b3d9f705bf0 Downloading [===========>                                       ]     720B/3.194kB
2023-06-22T21:51:03.839Z  INFO [app,,] org.springframework.boot.logging.LogLevel 13620 --- [utReader-stderr] o.s.boot.docker.compose.core.DockerCli   :  7b3d9f705bf0 Downloading [==================================================>]  3.194kB/3.194kB
2023-06-22T21:51:03.839Z  INFO [app,,] org.springframework.boot.logging.LogLevel 13620 --- [utReader-stderr] o.s.boot.docker.compose.core.DockerCli   :  7b3d9f705bf0 Verifying Checksum 
2023-06-22T21:51:03.840Z  INFO [app,,] org.springframework.boot.logging.LogLevel 13620 --- [utReader-stderr] o.s.boot.docker.compose.core.DockerCli   :  7b3d9f705bf0 Download complete 
2023-06-22T21:51:03.869Z  INFO [app,,] org.springframework.boot.logging.LogLevel 13620 --- [utReader-stderr] o.s.boot.docker.compose.core.DockerCli   :  a85d8c4f987c Downloading [>                                                  ]  540.7kB/104.2MB
2023-06-22T21:51:03.893Z  INFO [app,,] org.springframework.boot.logging.LogLevel 13620 --- [utReader-stderr] o.s.boot.docker.compose.core.DockerCli   :  5b5fe70539cd Extracting [=================>                                 ]  10.03MB/29.12MB
2023-06-22T21:51:03.963Z  INFO [app,,] org.springframework.boot.logging.LogLevel 13620 --- [utReader-stderr] o.s.boot.docker.compose.core.DockerCli   :  0543b0f5d286 Downloading [===>                                               ]     720B/9.776kB
2023-06-22T21:51:03.972Z  INFO [app,,] org.springframework.boot.logging.LogLevel 13620 --- [utReader-stderr] o.s.boot.docker.compose.core.DockerCli   :  0543b0f5d286 Downloading [==================================================>]  9.776kB/9.776kB
2023-06-22T21:51:03.973Z  INFO [app,,] org.springframework.boot.logging.LogLevel 13620 --- [utReader-stderr] o.s.boot.docker.compose.core.DockerCli   :  a85d8c4f987c Downloading [=====>                                             ]   10.7MB/104.2MB
2023-06-22T21:51:03.974Z  INFO [app,,] org.springframework.boot.logging.LogLevel 13620 --- [utReader-stderr] o.s.boot.docker.compose.core.DockerCli   :  0543b0f5d286 Verifying Checksum 
2023-06-22T21:51:03.974Z  INFO [app,,] org.springframework.boot.logging.LogLevel 13620 --- [utReader-stderr] o.s.boot.docker.compose.core.DockerCli   :  0543b0f5d286 Download complete 
2023-06-22T21:51:03.996Z  INFO [app,,] org.springframework.boot.logging.LogLevel 13620 --- [utReader-stderr] o.s.boot.docker.compose.core.DockerCli   :  5b5fe70539cd Extracting [==================>                                ]  10.91MB/29.12MB
2023-06-22T21:51:04.079Z  INFO [app,,] org.springframework.boot.logging.LogLevel 13620 --- [utReader-stderr] o.s.boot.docker.compose.core.DockerCli   :  a85d8c4f987c Downloading [==========>                                        ]  21.43MB/104.2MB
2023-06-22T21:51:04.102Z  INFO [app,,] org.springframework.boot.logging.LogLevel 13620 --- [utReader-stderr] o.s.boot.docker.compose.core.DockerCli   :  5b5fe70539cd Extracting [======================>                            ]  13.27MB/29.12MB
2023-06-22T21:51:04.148Z  INFO [app,,] org.springframework.boot.logging.LogLevel 13620 --- [utReader-stderr] o.s.boot.docker.compose.core.DockerCli   :  28bb5ab88d7a Downloading [==================================================>]     130B/130B
2023-06-22T21:51:04.150Z  INFO [app,,] org.springframework.boot.logging.LogLevel 13620 --- [utReader-stderr] o.s.boot.docker.compose.core.DockerCli   :  28bb5ab88d7a Verifying Checksum 
2023-06-22T21:51:04.150Z  INFO [app,,] org.springframework.boot.logging.LogLevel 13620 --- [utReader-stderr] o.s.boot.docker.compose.core.DockerCli   :  28bb5ab88d7a Download complete 
2023-06-22T21:51:04.183Z  INFO [app,,] org.springframework.boot.logging.LogLevel 13620 --- [utReader-stderr] o.s.boot.docker.compose.core.DockerCli   :  a85d8c4f987c Downloading [=============>                                     ]  28.94MB/104.2MB
2023-06-22T21:51:04.211Z  INFO [app,,] org.springframework.boot.logging.LogLevel 13620 --- [utReader-stderr] o.s.boot.docker.compose.core.DockerCli   :  5b5fe70539cd Extracting [===========================>                       ]  16.22MB/29.12MB
2023-06-22T21:51:04.276Z  INFO [app,,] org.springframework.boot.logging.LogLevel 13620 --- [utReader-stderr] o.s.boot.docker.compose.core.DockerCli   :  fdb6f3d907fc Downloading [==================================================>]     199B/199B
2023-06-22T21:51:04.277Z  INFO [app,,] org.springframework.boot.logging.LogLevel 13620 --- [utReader-stderr] o.s.boot.docker.compose.core.DockerCli   :  fdb6f3d907fc Verifying Checksum 
2023-06-22T21:51:04.278Z  INFO [app,,] org.springframework.boot.logging.LogLevel 13620 --- [utReader-stderr] o.s.boot.docker.compose.core.DockerCli   :  fdb6f3d907fc Download complete 
2023-06-22T21:51:04.286Z  INFO [app,,] org.springframework.boot.logging.LogLevel 13620 --- [utReader-stderr] o.s.boot.docker.compose.core.DockerCli   :  a85d8c4f987c Downloading [=================>                                 ]  36.44MB/104.2MB
2023-06-22T21:51:04.316Z  INFO [app,,] org.springframework.boot.logging.LogLevel 13620 --- [utReader-stderr] o.s.boot.docker.compose.core.DockerCli   :  5b5fe70539cd Extracting [=================================>                 ]  19.46MB/29.12MB
2023-06-22T21:51:04.391Z  INFO [app,,] org.springframework.boot.logging.LogLevel 13620 --- [utReader-stderr] o.s.boot.docker.compose.core.DockerCli   :  a85d8c4f987c Downloading [======================>                            ]  46.05MB/104.2MB
2023-06-22T21:51:04.416Z  INFO [app,,] org.springframework.boot.logging.LogLevel 13620 --- [utReader-stderr] o.s.boot.docker.compose.core.DockerCli   :  5b5fe70539cd Extracting [====================================>              ]  21.23MB/29.12MB
2023-06-22T21:51:04.423Z  INFO [app,,] org.springframework.boot.logging.LogLevel 13620 --- [utReader-stderr] o.s.boot.docker.compose.core.DockerCli   :  f06aa6280d55 Downloading [=======>                                           ]     720B/4.784kB
2023-06-22T21:51:04.424Z  INFO [app,,] org.springframework.boot.logging.LogLevel 13620 --- [utReader-stderr] o.s.boot.docker.compose.core.DockerCli   :  f06aa6280d55 Downloading [==================================================>]  4.784kB/4.784kB
2023-06-22T21:51:04.425Z  INFO [app,,] org.springframework.boot.logging.LogLevel 13620 --- [utReader-stderr] o.s.boot.docker.compose.core.DockerCli   :  f06aa6280d55 Verifying Checksum 
2023-06-22T21:51:04.425Z  INFO [app,,] org.springframework.boot.logging.LogLevel 13620 --- [utReader-stderr] o.s.boot.docker.compose.core.DockerCli   :  f06aa6280d55 Download complete 
2023-06-22T21:51:04.493Z  INFO [app,,] org.springframework.boot.logging.LogLevel 13620 --- [utReader-stderr] o.s.boot.docker.compose.core.DockerCli   :  a85d8c4f987c Downloading [==========================>                        ]  54.65MB/104.2MB
2023-06-22T21:51:04.559Z  INFO [app,,] org.springframework.boot.logging.LogLevel 13620 --- [utReader-stderr] o.s.boot.docker.compose.core.DockerCli   :  5b5fe70539cd Extracting [=========================================>         ]  23.89MB/29.12MB
2023-06-22T21:51:04.596Z  INFO [app,,] org.springframework.boot.logging.LogLevel 13620 --- [utReader-stderr] o.s.boot.docker.compose.core.DockerCli   :  a85d8c4f987c Downloading [==============================>                    ]  63.78MB/104.2MB
2023-06-22T21:51:04.701Z  INFO [app,,] org.springframework.boot.logging.LogLevel 13620 --- [utReader-stderr] o.s.boot.docker.compose.core.DockerCli   :  a85d8c4f987c Downloading [=================================>                 ]  70.22MB/104.2MB
2023-06-22T21:51:04.749Z  INFO [app,,] org.springframework.boot.logging.LogLevel 13620 --- [utReader-stderr] o.s.boot.docker.compose.core.DockerCli   :  5b5fe70539cd Extracting [==========================================>        ]  24.77MB/29.12MB
2023-06-22T21:51:04.808Z  INFO [app,,] org.springframework.boot.logging.LogLevel 13620 --- [utReader-stderr] o.s.boot.docker.compose.core.DockerCli   :  a85d8c4f987c Downloading [======================================>            ]  79.31MB/104.2MB
2023-06-22T21:51:04.852Z  INFO [app,,] org.springframework.boot.logging.LogLevel 13620 --- [utReader-stderr] o.s.boot.docker.compose.core.DockerCli   :  5b5fe70539cd Extracting [==============================================>    ]  26.84MB/29.12MB
2023-06-22T21:51:04.913Z  INFO [app,,] org.springframework.boot.logging.LogLevel 13620 --- [utReader-stderr] o.s.boot.docker.compose.core.DockerCli   :  a85d8c4f987c Downloading [=========================================>         ]  86.82MB/104.2MB
2023-06-22T21:51:04.996Z  INFO [app,,] org.springframework.boot.logging.LogLevel 13620 --- [utReader-stderr] o.s.boot.docker.compose.core.DockerCli   :  5b5fe70539cd Extracting [===============================================>   ]  27.72MB/29.12MB
2023-06-22T21:51:05.020Z  INFO [app,,] org.springframework.boot.logging.LogLevel 13620 --- [utReader-stderr] o.s.boot.docker.compose.core.DockerCli   :  a85d8c4f987c Downloading [==============================================>    ]  97.59MB/104.2MB
2023-06-22T21:51:05.069Z  INFO [app,,] org.springframework.boot.logging.LogLevel 13620 --- [utReader-stderr] o.s.boot.docker.compose.core.DockerCli   :  a85d8c4f987c Verifying Checksum 
2023-06-22T21:51:05.070Z  INFO [app,,] org.springframework.boot.logging.LogLevel 13620 --- [utReader-stderr] o.s.boot.docker.compose.core.DockerCli   :  a85d8c4f987c Download complete 
2023-06-22T21:51:05.257Z  INFO [app,,] org.springframework.boot.logging.LogLevel 13620 --- [utReader-stderr] o.s.boot.docker.compose.core.DockerCli   :  5b5fe70539cd Extracting [================================================>  ]  28.31MB/29.12MB
2023-06-22T21:51:05.380Z  INFO [app,,] org.springframework.boot.logging.LogLevel 13620 --- [utReader-stderr] o.s.boot.docker.compose.core.DockerCli   :  5b5fe70539cd Extracting [==================================================>]  29.12MB/29.12MB
2023-06-22T21:51:05.432Z  INFO [app,,] org.springframework.boot.logging.LogLevel 13620 --- [utReader-stderr] o.s.boot.docker.compose.core.DockerCli   :  5b5fe70539cd Pull complete 
2023-06-22T21:51:05.437Z  INFO [app,,] org.springframework.boot.logging.LogLevel 13620 --- [utReader-stderr] o.s.boot.docker.compose.core.DockerCli   :  254f758dbb83 Extracting [==================================================>]  1.209kB/1.209kB
2023-06-22T21:51:05.439Z  INFO [app,,] org.springframework.boot.logging.LogLevel 13620 --- [utReader-stderr] o.s.boot.docker.compose.core.DockerCli   :  254f758dbb83 Extracting [==================================================>]  1.209kB/1.209kB
2023-06-22T21:51:05.454Z  INFO [app,,] org.springframework.boot.logging.LogLevel 13620 --- [utReader-stderr] o.s.boot.docker.compose.core.DockerCli   :  254f758dbb83 Pull complete 
2023-06-22T21:51:05.457Z  INFO [app,,] org.springframework.boot.logging.LogLevel 13620 --- [utReader-stderr] o.s.boot.docker.compose.core.DockerCli   :  a50b6f601ef0 Extracting [>                                                  ]  65.54kB/4.619MB
2023-06-22T21:51:05.563Z  INFO [app,,] org.springframework.boot.logging.LogLevel 13620 --- [utReader-stderr] o.s.boot.docker.compose.core.DockerCli   :  a50b6f601ef0 Extracting [================================================>  ]  4.456MB/4.619MB
2023-06-22T21:51:05.576Z  INFO [app,,] org.springframework.boot.logging.LogLevel 13620 --- [utReader-stderr] o.s.boot.docker.compose.core.DockerCli   :  a50b6f601ef0 Extracting [==================================================>]  4.619MB/4.619MB
2023-06-22T21:51:05.614Z  INFO [app,,] org.springframework.boot.logging.LogLevel 13620 --- [utReader-stderr] o.s.boot.docker.compose.core.DockerCli   :  a50b6f601ef0 Pull complete 
2023-06-22T21:51:05.618Z  INFO [app,,] org.springframework.boot.logging.LogLevel 13620 --- [utReader-stderr] o.s.boot.docker.compose.core.DockerCli   :  b2a96a17b000 Extracting [=>                                                 ]  32.77kB/1.445MB
2023-06-22T21:51:05.660Z  INFO [app,,] org.springframework.boot.logging.LogLevel 13620 --- [utReader-stderr] o.s.boot.docker.compose.core.DockerCli   :  b2a96a17b000 Extracting [==================================================>]  1.445MB/1.445MB
2023-06-22T21:51:05.680Z  INFO [app,,] org.springframework.boot.logging.LogLevel 13620 --- [utReader-stderr] o.s.boot.docker.compose.core.DockerCli   :  b2a96a17b000 Pull complete 
2023-06-22T21:51:05.685Z  INFO [app,,] org.springframework.boot.logging.LogLevel 13620 --- [utReader-stderr] o.s.boot.docker.compose.core.DockerCli   :  b08a8624844f Extracting [>                                                  ]   98.3kB/8.065MB
2023-06-22T21:51:05.786Z  INFO [app,,] org.springframework.boot.logging.LogLevel 13620 --- [utReader-stderr] o.s.boot.docker.compose.core.DockerCli   :  b08a8624844f Extracting [=======================>                           ]  3.736MB/8.065MB
2023-06-22T21:51:05.888Z  INFO [app,,] org.springframework.boot.logging.LogLevel 13620 --- [utReader-stderr] o.s.boot.docker.compose.core.DockerCli   :  b08a8624844f Extracting [===============================>                   ]  5.112MB/8.065MB
2023-06-22T21:51:05.991Z  INFO [app,,] org.springframework.boot.logging.LogLevel 13620 --- [utReader-stderr] o.s.boot.docker.compose.core.DockerCli   :  b08a8624844f Extracting [==========================================>        ]  6.783MB/8.065MB
2023-06-22T21:51:06.044Z  INFO [app,,] org.springframework.boot.logging.LogLevel 13620 --- [utReader-stderr] o.s.boot.docker.compose.core.DockerCli   :  b08a8624844f Extracting [==================================================>]  8.065MB/8.065MB
2023-06-22T21:51:06.066Z  INFO [app,,] org.springframework.boot.logging.LogLevel 13620 --- [utReader-stderr] o.s.boot.docker.compose.core.DockerCli   :  b08a8624844f Pull complete 
2023-06-22T21:51:06.071Z  INFO [app,,] org.springframework.boot.logging.LogLevel 13620 --- [utReader-stderr] o.s.boot.docker.compose.core.DockerCli   :  9fb1f8c3deef Extracting [=>                                                 ]  32.77kB/1.406MB
2023-06-22T21:51:06.118Z  INFO [app,,] org.springframework.boot.logging.LogLevel 13620 --- [utReader-stderr] o.s.boot.docker.compose.core.DockerCli   :  9fb1f8c3deef Extracting [==================================================>]  1.406MB/1.406MB
2023-06-22T21:51:06.119Z  INFO [app,,] org.springframework.boot.logging.LogLevel 13620 --- [utReader-stderr] o.s.boot.docker.compose.core.DockerCli   :  9fb1f8c3deef Extracting [==================================================>]  1.406MB/1.406MB
2023-06-22T21:51:06.147Z  INFO [app,,] org.springframework.boot.logging.LogLevel 13620 --- [utReader-stderr] o.s.boot.docker.compose.core.DockerCli   :  9fb1f8c3deef Pull complete 
2023-06-22T21:51:06.153Z  INFO [app,,] org.springframework.boot.logging.LogLevel 13620 --- [utReader-stderr] o.s.boot.docker.compose.core.DockerCli   :  fb374f351a53 Extracting [==================================================>]     149B/149B
2023-06-22T21:51:06.155Z  INFO [app,,] org.springframework.boot.logging.LogLevel 13620 --- [utReader-stderr] o.s.boot.docker.compose.core.DockerCli   :  fb374f351a53 Extracting [==================================================>]     149B/149B
2023-06-22T21:51:06.167Z  INFO [app,,] org.springframework.boot.logging.LogLevel 13620 --- [utReader-stderr] o.s.boot.docker.compose.core.DockerCli   :  fb374f351a53 Pull complete 
2023-06-22T21:51:06.172Z  INFO [app,,] org.springframework.boot.logging.LogLevel 13620 --- [utReader-stderr] o.s.boot.docker.compose.core.DockerCli   :  7b3d9f705bf0 Extracting [==================================================>]  3.194kB/3.194kB
2023-06-22T21:51:06.174Z  INFO [app,,] org.springframework.boot.logging.LogLevel 13620 --- [utReader-stderr] o.s.boot.docker.compose.core.DockerCli   :  7b3d9f705bf0 Extracting [==================================================>]  3.194kB/3.194kB
2023-06-22T21:51:06.186Z  INFO [app,,] org.springframework.boot.logging.LogLevel 13620 --- [utReader-stderr] o.s.boot.docker.compose.core.DockerCli   :  7b3d9f705bf0 Pull complete 
2023-06-22T21:51:06.231Z  INFO [app,,] org.springframework.boot.logging.LogLevel 13620 --- [utReader-stderr] o.s.boot.docker.compose.core.DockerCli   :  a85d8c4f987c Extracting [>                                                  ]  557.1kB/104.2MB
2023-06-22T21:51:06.335Z  INFO [app,,] org.springframework.boot.logging.LogLevel 13620 --- [utReader-stderr] o.s.boot.docker.compose.core.DockerCli   :  a85d8c4f987c Extracting [==>                                                ]  4.456MB/104.2MB
2023-06-22T21:51:06.463Z  INFO [app,,] org.springframework.boot.logging.LogLevel 13620 --- [utReader-stderr] o.s.boot.docker.compose.core.DockerCli   :  a85d8c4f987c Extracting [====>                                              ]  8.356MB/104.2MB
2023-06-22T21:51:06.569Z  INFO [app,,] org.springframework.boot.logging.LogLevel 13620 --- [utReader-stderr] o.s.boot.docker.compose.core.DockerCli   :  a85d8c4f987c Extracting [=====>                                             ]  11.14MB/104.2MB
2023-06-22T21:51:06.677Z  INFO [app,,] org.springframework.boot.logging.LogLevel 13620 --- [utReader-stderr] o.s.boot.docker.compose.core.DockerCli   :  a85d8c4f987c Extracting [=======>                                           ]  15.04MB/104.2MB
2023-06-22T21:51:06.785Z  INFO [app,,] org.springframework.boot.logging.LogLevel 13620 --- [utReader-stderr] o.s.boot.docker.compose.core.DockerCli   :  a85d8c4f987c Extracting [========>                                          ]  18.38MB/104.2MB
2023-06-22T21:51:06.901Z  INFO [app,,] org.springframework.boot.logging.LogLevel 13620 --- [utReader-stderr] o.s.boot.docker.compose.core.DockerCli   :  a85d8c4f987c Extracting [==========>                                        ]  22.28MB/104.2MB
2023-06-22T21:51:07.025Z  INFO [app,,] org.springframework.boot.logging.LogLevel 13620 --- [utReader-stderr] o.s.boot.docker.compose.core.DockerCli   :  a85d8c4f987c Extracting [============>                                      ]  25.62MB/104.2MB
2023-06-22T21:51:07.128Z  INFO [app,,] org.springframework.boot.logging.LogLevel 13620 --- [utReader-stderr] o.s.boot.docker.compose.core.DockerCli   :  a85d8c4f987c Extracting [==============>                                    ]  29.52MB/104.2MB
2023-06-22T21:51:07.231Z  INFO [app,,] org.springframework.boot.logging.LogLevel 13620 --- [utReader-stderr] o.s.boot.docker.compose.core.DockerCli   :  a85d8c4f987c Extracting [================>                                  ]  33.98MB/104.2MB
2023-06-22T21:51:07.338Z  INFO [app,,] org.springframework.boot.logging.LogLevel 13620 --- [utReader-stderr] o.s.boot.docker.compose.core.DockerCli   :  a85d8c4f987c Extracting [==================>                                ]  38.44MB/104.2MB
2023-06-22T21:51:07.444Z  INFO [app,,] org.springframework.boot.logging.LogLevel 13620 --- [utReader-stderr] o.s.boot.docker.compose.core.DockerCli   :  a85d8c4f987c Extracting [====================>                              ]  43.45MB/104.2MB
2023-06-22T21:51:07.548Z  INFO [app,,] org.springframework.boot.logging.LogLevel 13620 --- [utReader-stderr] o.s.boot.docker.compose.core.DockerCli   :  a85d8c4f987c Extracting [=======================>                           ]  48.46MB/104.2MB
2023-06-22T21:51:07.685Z  INFO [app,,] org.springframework.boot.logging.LogLevel 13620 --- [utReader-stderr] o.s.boot.docker.compose.core.DockerCli   :  a85d8c4f987c Extracting [========================>                          ]  50.69MB/104.2MB
2023-06-22T21:51:07.796Z  INFO [app,,] org.springframework.boot.logging.LogLevel 13620 --- [utReader-stderr] o.s.boot.docker.compose.core.DockerCli   :  a85d8c4f987c Extracting [=========================>                         ]  52.92MB/104.2MB
2023-06-22T21:51:07.918Z  INFO [app,,] org.springframework.boot.logging.LogLevel 13620 --- [utReader-stderr] o.s.boot.docker.compose.core.DockerCli   :  a85d8c4f987c Extracting [===========================>                       ]  56.26MB/104.2MB
2023-06-22T21:51:08.024Z  INFO [app,,] org.springframework.boot.logging.LogLevel 13620 --- [utReader-stderr] o.s.boot.docker.compose.core.DockerCli   :  a85d8c4f987c Extracting [============================>                      ]  60.16MB/104.2MB
2023-06-22T21:51:08.133Z  INFO [app,,] org.springframework.boot.logging.LogLevel 13620 --- [utReader-stderr] o.s.boot.docker.compose.core.DockerCli   :  a85d8c4f987c Extracting [===============================>                   ]  64.62MB/104.2MB
2023-06-22T21:51:08.245Z  INFO [app,,] org.springframework.boot.logging.LogLevel 13620 --- [utReader-stderr] o.s.boot.docker.compose.core.DockerCli   :  a85d8c4f987c Extracting [=================================>                 ]  69.07MB/104.2MB
2023-06-22T21:51:08.354Z  INFO [app,,] org.springframework.boot.logging.LogLevel 13620 --- [utReader-stderr] o.s.boot.docker.compose.core.DockerCli   :  a85d8c4f987c Extracting [===================================>               ]  72.97MB/104.2MB
2023-06-22T21:51:08.456Z  INFO [app,,] org.springframework.boot.logging.LogLevel 13620 --- [utReader-stderr] o.s.boot.docker.compose.core.DockerCli   :  a85d8c4f987c Extracting [====================================>              ]  76.87MB/104.2MB
2023-06-22T21:51:08.564Z  INFO [app,,] org.springframework.boot.logging.LogLevel 13620 --- [utReader-stderr] o.s.boot.docker.compose.core.DockerCli   :  a85d8c4f987c Extracting [=======================================>           ]  81.89MB/104.2MB
2023-06-22T21:51:08.667Z  INFO [app,,] org.springframework.boot.logging.LogLevel 13620 --- [utReader-stderr] o.s.boot.docker.compose.core.DockerCli   :  a85d8c4f987c Extracting [=========================================>         ]  85.79MB/104.2MB
2023-06-22T21:51:08.769Z  INFO [app,,] org.springframework.boot.logging.LogLevel 13620 --- [utReader-stderr] o.s.boot.docker.compose.core.DockerCli   :  a85d8c4f987c Extracting [==========================================>        ]  88.57MB/104.2MB
2023-06-22T21:51:08.875Z  INFO [app,,] org.springframework.boot.logging.LogLevel 13620 --- [utReader-stderr] o.s.boot.docker.compose.core.DockerCli   :  a85d8c4f987c Extracting [===========================================>       ]  90.24MB/104.2MB
2023-06-22T21:51:09.019Z  INFO [app,,] org.springframework.boot.logging.LogLevel 13620 --- [utReader-stderr] o.s.boot.docker.compose.core.DockerCli   :  a85d8c4f987c Extracting [============================================>      ]  93.59MB/104.2MB
2023-06-22T21:51:09.136Z  INFO [app,,] org.springframework.boot.logging.LogLevel 13620 --- [utReader-stderr] o.s.boot.docker.compose.core.DockerCli   :  a85d8c4f987c Extracting [=============================================>     ]  95.81MB/104.2MB
2023-06-22T21:51:09.245Z  INFO [app,,] org.springframework.boot.logging.LogLevel 13620 --- [utReader-stderr] o.s.boot.docker.compose.core.DockerCli   :  a85d8c4f987c Extracting [===============================================>   ]  98.04MB/104.2MB
2023-06-22T21:51:09.373Z  INFO [app,,] org.springframework.boot.logging.LogLevel 13620 --- [utReader-stderr] o.s.boot.docker.compose.core.DockerCli   :  a85d8c4f987c Extracting [===============================================>   ]  99.71MB/104.2MB
2023-06-22T21:51:09.474Z  INFO [app,,] org.springframework.boot.logging.LogLevel 13620 --- [utReader-stderr] o.s.boot.docker.compose.core.DockerCli   :  a85d8c4f987c Extracting [================================================>  ]  100.8MB/104.2MB
2023-06-22T21:51:09.689Z  INFO [app,,] org.springframework.boot.logging.LogLevel 13620 --- [utReader-stderr] o.s.boot.docker.compose.core.DockerCli   :  a85d8c4f987c Extracting [=================================================> ]  102.5MB/104.2MB
2023-06-22T21:51:09.852Z  INFO [app,,] org.springframework.boot.logging.LogLevel 13620 --- [utReader-stderr] o.s.boot.docker.compose.core.DockerCli   :  a85d8c4f987c Extracting [=================================================> ]  103.6MB/104.2MB
2023-06-22T21:51:09.915Z  INFO [app,,] org.springframework.boot.logging.LogLevel 13620 --- [utReader-stderr] o.s.boot.docker.compose.core.DockerCli   :  a85d8c4f987c Extracting [==================================================>]  104.2MB/104.2MB
2023-06-22T21:51:10.088Z  INFO [app,,] org.springframework.boot.logging.LogLevel 13620 --- [utReader-stderr] o.s.boot.docker.compose.core.DockerCli   :  a85d8c4f987c Pull complete 
2023-06-22T21:51:10.124Z  INFO [app,,] org.springframework.boot.logging.LogLevel 13620 --- [utReader-stderr] o.s.boot.docker.compose.core.DockerCli   :  0543b0f5d286 Extracting [==================================================>]  9.776kB/9.776kB
2023-06-22T21:51:10.125Z  INFO [app,,] org.springframework.boot.logging.LogLevel 13620 --- [utReader-stderr] o.s.boot.docker.compose.core.DockerCli   :  0543b0f5d286 Extracting [==================================================>]  9.776kB/9.776kB
2023-06-22T21:51:10.221Z  INFO [app,,] org.springframework.boot.logging.LogLevel 13620 --- [utReader-stderr] o.s.boot.docker.compose.core.DockerCli   :  0543b0f5d286 Pull complete 
2023-06-22T21:51:10.253Z  INFO [app,,] org.springframework.boot.logging.LogLevel 13620 --- [utReader-stderr] o.s.boot.docker.compose.core.DockerCli   :  28bb5ab88d7a Extracting [==================================================>]     130B/130B
2023-06-22T21:51:10.254Z  INFO [app,,] org.springframework.boot.logging.LogLevel 13620 --- [utReader-stderr] o.s.boot.docker.compose.core.DockerCli   :  28bb5ab88d7a Extracting [==================================================>]     130B/130B
2023-06-22T21:51:10.316Z  INFO [app,,] org.springframework.boot.logging.LogLevel 13620 --- [utReader-stderr] o.s.boot.docker.compose.core.DockerCli   :  28bb5ab88d7a Pull complete 
2023-06-22T21:51:10.321Z  INFO [app,,] org.springframework.boot.logging.LogLevel 13620 --- [utReader-stderr] o.s.boot.docker.compose.core.DockerCli   :  fdb6f3d907fc Extracting [==================================================>]     199B/199B
2023-06-22T21:51:10.322Z  INFO [app,,] org.springframework.boot.logging.LogLevel 13620 --- [utReader-stderr] o.s.boot.docker.compose.core.DockerCli   :  fdb6f3d907fc Extracting [==================================================>]     199B/199B
2023-06-22T21:51:10.340Z  INFO [app,,] org.springframework.boot.logging.LogLevel 13620 --- [utReader-stderr] o.s.boot.docker.compose.core.DockerCli   :  fdb6f3d907fc Pull complete 
2023-06-22T21:51:10.345Z  INFO [app,,] org.springframework.boot.logging.LogLevel 13620 --- [utReader-stderr] o.s.boot.docker.compose.core.DockerCli   :  f06aa6280d55 Extracting [==================================================>]  4.784kB/4.784kB
2023-06-22T21:51:10.345Z  INFO [app,,] org.springframework.boot.logging.LogLevel 13620 --- [utReader-stderr] o.s.boot.docker.compose.core.DockerCli   :  f06aa6280d55 Extracting [==================================================>]  4.784kB/4.784kB
2023-06-22T21:51:10.359Z  INFO [app,,] org.springframework.boot.logging.LogLevel 13620 --- [utReader-stderr] o.s.boot.docker.compose.core.DockerCli   :  f06aa6280d55 Pull complete 
2023-06-22T21:51:10.378Z  INFO [app,,] org.springframework.boot.logging.LogLevel 13620 --- [utReader-stderr] o.s.boot.docker.compose.core.DockerCli   :  postgres Pulled 
2023-06-22T21:51:10.381Z  INFO [app,,] org.springframework.boot.logging.LogLevel 13620 --- [utReader-stderr] o.s.boot.docker.compose.core.DockerCli   :  Container last-postgres-1  Creating
2023-06-22T21:51:10.548Z  INFO [app,,] org.springframework.boot.logging.LogLevel 13620 --- [utReader-stderr] o.s.boot.docker.compose.core.DockerCli   :  Container last-postgres-1  Created
2023-06-22T21:51:10.550Z  INFO [app,,] org.springframework.boot.logging.LogLevel 13620 --- [utReader-stderr] o.s.boot.docker.compose.core.DockerCli   :  Container last-postgres-1  Starting
2023-06-22T21:51:10.827Z  INFO [app,,] org.springframework.boot.logging.LogLevel 13620 --- [utReader-stderr] o.s.boot.docker.compose.core.DockerCli   :  Container last-postgres-1  Started
2023-06-22T21:51:10.827Z  INFO [app,,] org.springframework.boot.logging.LogLevel 13620 --- [utReader-stderr] o.s.boot.docker.compose.core.DockerCli   :  Container last-postgres-1  Waiting
2023-06-22T21:51:11.332Z  INFO [app,,] org.springframework.boot.logging.LogLevel 13620 --- [utReader-stderr] o.s.boot.docker.compose.core.DockerCli   :  Container last-postgres-1  Healthy
2023-06-22T21:51:14.647Z  INFO [app,,] org.springframework.data.repository.config.RepositoryConfigurationDelegate 13620 --- [           main] .s.d.r.c.RepositoryConfigurationDelegate : Bootstrapping Spring Data JPA repositories in DEFAULT mode.
2023-06-22T21:51:14.754Z  INFO [app,,] org.springframework.data.repository.config.RepositoryConfigurationDelegate 13620 --- [           main] .s.d.r.c.RepositoryConfigurationDelegate : Finished Spring Data repository scanning in 91 ms. Found 2 JPA repository interfaces.
2023-06-22T21:51:16.809Z  INFO [app,,] org.springframework.boot.web.embedded.tomcat.TomcatWebServer 13620 --- [           main] o.s.b.w.embedded.tomcat.TomcatWebServer  : Tomcat initialized with port(s): 0 (http)
2023-06-22T21:51:16.831Z  INFO [app,,] org.apache.juli.logging.DirectJDKLog 13620 --- [           main] o.apache.catalina.core.StandardService   : Starting service [Tomcat]
2023-06-22T21:51:16.832Z  INFO [app,,] org.apache.juli.logging.DirectJDKLog 13620 --- [           main] o.apache.catalina.core.StandardEngine    : Starting Servlet engine: [Apache Tomcat/10.1.8]
2023-06-22T21:51:16.997Z  INFO [app,,] org.apache.juli.logging.DirectJDKLog 13620 --- [           main] o.a.c.c.C.[Tomcat].[localhost].[/]       : Initializing Spring embedded WebApplicationContext
2023-06-22T21:51:16.998Z  INFO [app,,] org.springframework.boot.web.servlet.context.ServletWebServerApplicationContext 13620 --- [           main] w.s.c.ServletWebServerApplicationContext : Root WebApplicationContext: initialization completed in 4154 ms
2023-06-22T21:51:17.701Z  INFO [app,,] com.zaxxer.hikari.HikariDataSource 13620 --- [           main] com.zaxxer.hikari.HikariDataSource       : HikariPool-1 - Starting...
2023-06-22T21:51:18.231Z  INFO [app,,] com.zaxxer.hikari.pool.HikariPool 13620 --- [           main] com.zaxxer.hikari.pool.HikariPool        : HikariPool-1 - Added connection org.postgresql.jdbc.PgConnection@3d8141b4
2023-06-22T21:51:18.234Z  INFO [app,,] com.zaxxer.hikari.HikariDataSource 13620 --- [           main] com.zaxxer.hikari.HikariDataSource       : HikariPool-1 - Start completed.
2023-06-22T21:51:19.142Z  INFO [app,,] org.hibernate.jpa.internal.util.LogHelper 13620 --- [           main] o.hibernate.jpa.internal.util.LogHelper  : HHH000204: Processing PersistenceUnitInfo [name: default]
2023-06-22T21:51:19.268Z  INFO [app,,] org.hibernate.Version 13620 --- [           main] org.hibernate.Version                    : HHH000412: Hibernate ORM core version 6.2.2.Final
2023-06-22T21:51:19.274Z  INFO [app,,] org.hibernate.cfg.Environment 13620 --- [           main] org.hibernate.cfg.Environment            : HHH000406: Using bytecode reflection optimizer
2023-06-22T21:51:19.590Z  INFO [app,,] org.hibernate.bytecode.internal.BytecodeProviderInitiator 13620 --- [           main] o.h.b.i.BytecodeProviderInitiator        : HHH000021: Bytecode provider name : bytebuddy
2023-06-22T21:51:19.885Z  INFO [app,,] org.springframework.orm.jpa.persistenceunit.SpringPersistenceUnitInfo 13620 --- [           main] o.s.o.j.p.SpringPersistenceUnitInfo      : No LoadTimeWeaver setup: ignoring JPA class transformer
2023-06-22T21:51:20.049Z  INFO [app,,] org.hibernate.engine.jdbc.dialect.internal.DialectFactoryImpl 13620 --- [           main] org.hibernate.orm.dialect                : HHH035001: Using dialect: org.hibernate.dialect.PostgreSQLDialect, version: org.hibernate.engine.jdbc.env.internal.JdbcEnvironmentInitiator$DialectResolutionInfoImpl@c04ab48
2023-06-22T21:51:20.654Z  INFO [app,,] org.hibernate.bytecode.internal.BytecodeProviderInitiator 13620 --- [           main] o.h.b.i.BytecodeProviderInitiator        : HHH000021: Bytecode provider name : bytebuddy
2023-06-22T21:51:22.842Z  INFO [app,,] org.hibernate.engine.transaction.jta.platform.internal.JtaPlatformInitiator 13620 --- [           main] o.h.e.t.j.p.i.JtaPlatformInitiator       : HHH000490: Using JtaPlatform implementation: [org.hibernate.engine.transaction.jta.platform.internal.NoJtaPlatform]
2023-06-22T21:51:22.847Z  INFO [app,,] org.springframework.orm.jpa.AbstractEntityManagerFactoryBean 13620 --- [           main] j.LocalContainerEntityManagerFactoryBean : Initialized JPA EntityManagerFactory for persistence unit 'default'
2023-06-22T21:51:23.438Z  INFO [app,,] org.springframework.data.jpa.repository.query.QueryEnhancerFactory 13620 --- [           main] o.s.d.j.r.query.QueryEnhancerFactory     : Hibernate is in classpath; If applicable, HQL parser will be used.
2023-06-22T21:51:26.836Z  INFO [app,,] org.springframework.boot.actuate.endpoint.web.EndpointLinksResolver 13620 --- [           main] o.s.b.a.e.web.EndpointLinksResolver      : Exposing 13 endpoint(s) beneath base path '/actuator'
2023-06-22T21:51:27.057Z  INFO [app,,] org.springframework.boot.web.embedded.tomcat.TomcatWebServer 13620 --- [           main] o.s.b.w.embedded.tomcat.TomcatWebServer  : Tomcat started on port(s): 42971 (http) with context path ''
2023-06-22T21:51:27.088Z  INFO [app,,] org.springframework.boot.StartupInfoLogger 13620 --- [           main] o.s.s.p.PostgresIntegrationTests         : Started PostgresIntegrationTests in 28.925 seconds (process running for 32.64)
]]></system-out>
    <system-err><![CDATA[21:51:00,317 |-ERROR in com.github.loki4j.client.pipeline.DefaultPipeline@5741b617 - Error while sending Batch #54a2ffb777 (854 bytes) to Loki (http://localhost:3100/loki/api/v1/push) java.net.ConnectException
	at java.net.ConnectException
	at 	at java.net.http/jdk.internal.net.http.HttpClientImpl.send(HttpClientImpl.java:573)
	at 	at java.net.http/jdk.internal.net.http.HttpClientFacade.send(HttpClientFacade.java:123)
	at 	at com.github.loki4j.client.http.JavaHttpClient.send(JavaHttpClient.java:68)
	at 	at com.github.loki4j.client.pipeline.DefaultPipeline.sendBatch(DefaultPipeline.java:263)
	at 	at com.github.loki4j.client.pipeline.DefaultPipeline.sendStep(DefaultPipeline.java:249)
	at 	at com.github.loki4j.client.pipeline.DefaultPipeline.runSendLoop(DefaultPipeline.java:183)
	at 	at com.github.loki4j.client.pipeline.DefaultPipeline.lambda$start$2(DefaultPipeline.java:108)
	at 	at java.base/java.util.concurrent.ThreadPoolExecutor.runWorker(ThreadPoolExecutor.java:1136)
	at 	at java.base/java.util.concurrent.ThreadPoolExecutor$Worker.run(ThreadPoolExecutor.java:635)
	at 	at java.base/java.lang.Thread.run(Thread.java:833)
Caused by: java.net.ConnectException
	at 	at java.net.http/jdk.internal.net.http.common.Utils.toConnectException(Utils.java:1055)
	at 	at java.net.http/jdk.internal.net.http.PlainHttpConnection.connectAsync(PlainHttpConnection.java:198)
	at 	at java.net.http/jdk.internal.net.http.PlainHttpConnection.checkRetryConnect(PlainHttpConnection.java:230)
	at 	at java.net.http/jdk.internal.net.http.PlainHttpConnection.lambda$connectAsync$1(PlainHttpConnection.java:206)
	at 	at java.base/java.util.concurrent.CompletableFuture.uniHandle(CompletableFuture.java:934)
	at 	at java.base/java.util.concurrent.CompletableFuture$UniHandle.tryFire(CompletableFuture.java:911)
	at 	at java.base/java.util.concurrent.CompletableFuture.postComplete(CompletableFuture.java:510)
	at 	at java.base/java.util.concurrent.CompletableFuture$AsyncSupply.run(CompletableFuture.java:1773)
	at 	... 3 common frames omitted
Caused by: java.nio.channels.ClosedChannelException
	at 	at java.base/sun.nio.ch.SocketChannelImpl.ensureOpen(SocketChannelImpl.java:195)
	at 	at java.base/sun.nio.ch.SocketChannelImpl.beginConnect(SocketChannelImpl.java:760)
	at 	at java.base/sun.nio.ch.SocketChannelImpl.connect(SocketChannelImpl.java:848)
	at 	at java.net.http/jdk.internal.net.http.PlainHttpConnection.lambda$connectAsync$0(PlainHttpConnection.java:183)
	at 	at java.base/java.security.AccessController.doPrivileged(AccessController.java:569)
	at 	at java.net.http/jdk.internal.net.http.PlainHttpConnection.connectAsync(PlainHttpConnection.java:185)
	at 	... 9 common frames omitted
21:51:01,430 |-ERROR in com.github.loki4j.client.pipeline.DefaultPipeline@5741b617 - Error while sending Batch #54f584013f (291 bytes) to Loki (http://localhost:3100/loki/api/v1/push) java.net.ConnectException
	at java.net.ConnectException
	at 	at java.net.http/jdk.internal.net.http.HttpClientImpl.send(HttpClientImpl.java:573)
	at 	at java.net.http/jdk.internal.net.http.HttpClientFacade.send(HttpClientFacade.java:123)
	at 	at com.github.loki4j.client.http.JavaHttpClient.send(JavaHttpClient.java:68)
	at 	at com.github.loki4j.client.pipeline.DefaultPipeline.sendBatch(DefaultPipeline.java:263)
	at 	at com.github.loki4j.client.pipeline.DefaultPipeline.sendStep(DefaultPipeline.java:249)
	at 	at com.github.loki4j.client.pipeline.DefaultPipeline.runSendLoop(DefaultPipeline.java:183)
	at 	at com.github.loki4j.client.pipeline.DefaultPipeline.lambda$start$2(DefaultPipeline.java:108)
	at 	at java.base/java.util.concurrent.ThreadPoolExecutor.runWorker(ThreadPoolExecutor.java:1136)
	at 	at java.base/java.util.concurrent.ThreadPoolExecutor$Worker.run(ThreadPoolExecutor.java:635)
	at 	at java.base/java.lang.Thread.run(Thread.java:833)
Caused by: java.net.ConnectException
	at 	at java.net.http/jdk.internal.net.http.common.Utils.toConnectException(Utils.java:1055)
	at 	at java.net.http/jdk.internal.net.http.PlainHttpConnection.connectAsync(PlainHttpConnection.java:198)
	at 	at java.net.http/jdk.internal.net.http.PlainHttpConnection.checkRetryConnect(PlainHttpConnection.java:230)
	at 	at java.net.http/jdk.internal.net.http.PlainHttpConnection.lambda$connectAsync$1(PlainHttpConnection.java:206)
	at 	at java.base/java.util.concurrent.CompletableFuture.uniHandle(CompletableFuture.java:934)
	at 	at java.base/java.util.concurrent.CompletableFuture$UniHandle.tryFire(CompletableFuture.java:911)
	at 	at java.base/java.util.concurrent.CompletableFuture.postComplete(CompletableFuture.java:510)
	at 	at java.base/java.util.concurrent.CompletableFuture$AsyncSupply.run(CompletableFuture.java:1773)
	at 	... 3 common frames omitted
Caused by: java.nio.channels.ClosedChannelException
	at 	at java.base/sun.nio.ch.SocketChannelImpl.ensureOpen(SocketChannelImpl.java:195)
	at 	at java.base/sun.nio.ch.SocketChannelImpl.beginConnect(SocketChannelImpl.java:760)
	at 	at java.base/sun.nio.ch.SocketChannelImpl.connect(SocketChannelImpl.java:848)
	at 	at java.net.http/jdk.internal.net.http.PlainHttpConnection.lambda$connectAsync$0(PlainHttpConnection.java:183)
	at 	at java.base/java.security.AccessController.doPrivileged(AccessController.java:569)
	at 	at java.net.http/jdk.internal.net.http.PlainHttpConnection.connectAsync(PlainHttpConnection.java:185)
	at 	... 9 common frames omitted
21:51:02,638 |-ERROR in com.github.loki4j.client.pipeline.DefaultPipeline@5741b617 - Error while sending Batch #553d7c29f9 (4,966 bytes) to Loki (http://localhost:3100/loki/api/v1/push) java.net.ConnectException
	at java.net.ConnectException
	at 	at java.net.http/jdk.internal.net.http.HttpClientImpl.send(HttpClientImpl.java:573)
	at 	at java.net.http/jdk.internal.net.http.HttpClientFacade.send(HttpClientFacade.java:123)
	at 	at com.github.loki4j.client.http.JavaHttpClient.send(JavaHttpClient.java:68)
	at 	at com.github.loki4j.client.pipeline.DefaultPipeline.sendBatch(DefaultPipeline.java:263)
	at 	at com.github.loki4j.client.pipeline.DefaultPipeline.sendStep(DefaultPipeline.java:249)
	at 	at com.github.loki4j.client.pipeline.DefaultPipeline.runSendLoop(DefaultPipeline.java:183)
	at 	at com.github.loki4j.client.pipeline.DefaultPipeline.lambda$start$2(DefaultPipeline.java:108)
	at 	at java.base/java.util.concurrent.ThreadPoolExecutor.runWorker(ThreadPoolExecutor.java:1136)
	at 	at java.base/java.util.concurrent.ThreadPoolExecutor$Worker.run(ThreadPoolExecutor.java:635)
	at 	at java.base/java.lang.Thread.run(Thread.java:833)
Caused by: java.net.ConnectException
	at 	at java.net.http/jdk.internal.net.http.common.Utils.toConnectException(Utils.java:1055)
	at 	at java.net.http/jdk.internal.net.http.PlainHttpConnection.connectAsync(PlainHttpConnection.java:198)
	at 	at java.net.http/jdk.internal.net.http.PlainHttpConnection.checkRetryConnect(PlainHttpConnection.java:230)
	at 	at java.net.http/jdk.internal.net.http.PlainHttpConnection.lambda$connectAsync$1(PlainHttpConnection.java:206)
	at 	at java.base/java.util.concurrent.CompletableFuture.uniHandle(CompletableFuture.java:934)
	at 	at java.base/java.util.concurrent.CompletableFuture$UniHandle.tryFire(CompletableFuture.java:911)
	at 	at java.base/java.util.concurrent.CompletableFuture.postComplete(CompletableFuture.java:510)
	at 	at java.base/java.util.concurrent.CompletableFuture$AsyncSupply.run(CompletableFuture.java:1773)
	at 	... 3 common frames omitted
Caused by: java.nio.channels.ClosedChannelException
	at 	at java.base/sun.nio.ch.SocketChannelImpl.ensureOpen(SocketChannelImpl.java:195)
	at 	at java.base/sun.nio.ch.SocketChannelImpl.beginConnect(SocketChannelImpl.java:760)
	at 	at java.base/sun.nio.ch.SocketChannelImpl.connect(SocketChannelImpl.java:848)
	at 	at java.net.http/jdk.internal.net.http.PlainHttpConnection.lambda$connectAsync$0(PlainHttpConnection.java:183)
	at 	at java.base/java.security.AccessController.doPrivileged(AccessController.java:569)
	at 	at java.net.http/jdk.internal.net.http.PlainHttpConnection.connectAsync(PlainHttpConnection.java:185)
	at 	... 9 common frames omitted
21:51:03,739 |-ERROR in com.github.loki4j.client.pipeline.DefaultPipeline@5741b617 - Error while sending Batch #557f85c7a3 (8,465 bytes) to Loki (http://localhost:3100/loki/api/v1/push) java.net.ConnectException
	at java.net.ConnectException
	at 	at java.net.http/jdk.internal.net.http.HttpClientImpl.send(HttpClientImpl.java:573)
	at 	at java.net.http/jdk.internal.net.http.HttpClientFacade.send(HttpClientFacade.java:123)
	at 	at com.github.loki4j.client.http.JavaHttpClient.send(JavaHttpClient.java:68)
	at 	at com.github.loki4j.client.pipeline.DefaultPipeline.sendBatch(DefaultPipeline.java:263)
	at 	at com.github.loki4j.client.pipeline.DefaultPipeline.sendStep(DefaultPipeline.java:249)
	at 	at com.github.loki4j.client.pipeline.DefaultPipeline.runSendLoop(DefaultPipeline.java:183)
	at 	at com.github.loki4j.client.pipeline.DefaultPipeline.lambda$start$2(DefaultPipeline.java:108)
	at 	at java.base/java.util.concurrent.ThreadPoolExecutor.runWorker(ThreadPoolExecutor.java:1136)
	at 	at java.base/java.util.concurrent.ThreadPoolExecutor$Worker.run(ThreadPoolExecutor.java:635)
	at 	at java.base/java.lang.Thread.run(Thread.java:833)
Caused by: java.net.ConnectException
	at 	at java.net.http/jdk.internal.net.http.common.Utils.toConnectException(Utils.java:1055)
	at 	at java.net.http/jdk.internal.net.http.PlainHttpConnection.connectAsync(PlainHttpConnection.java:198)
	at 	at java.net.http/jdk.internal.net.http.PlainHttpConnection.checkRetryConnect(PlainHttpConnection.java:230)
	at 	at java.net.http/jdk.internal.net.http.PlainHttpConnection.lambda$connectAsync$1(PlainHttpConnection.java:206)
	at 	at java.base/java.util.concurrent.CompletableFuture.uniHandle(CompletableFuture.java:934)
	at 	at java.base/java.util.concurrent.CompletableFuture$UniHandle.tryFire(CompletableFuture.java:911)
	at 	at java.base/java.util.concurrent.CompletableFuture.postComplete(CompletableFuture.java:510)
	at 	at java.base/java.util.concurrent.CompletableFuture$AsyncSupply.run(CompletableFuture.java:1773)
	at 	... 3 common frames omitted
Caused by: java.nio.channels.ClosedChannelException
	at 	at java.base/sun.nio.ch.SocketChannelImpl.ensureOpen(SocketChannelImpl.java:195)
	at 	at java.base/sun.nio.ch.SocketChannelImpl.beginConnect(SocketChannelImpl.java:760)
	at 	at java.base/sun.nio.ch.SocketChannelImpl.connect(SocketChannelImpl.java:848)
	at 	at java.net.http/jdk.internal.net.http.PlainHttpConnection.lambda$connectAsync$0(PlainHttpConnection.java:183)
	at 	at java.base/java.security.AccessController.doPrivileged(AccessController.java:569)
	at 	at java.net.http/jdk.internal.net.http.PlainHttpConnection.connectAsync(PlainHttpConnection.java:185)
	at 	... 9 common frames omitted
21:51:04,828 |-ERROR in com.github.loki4j.client.pipeline.DefaultPipeline@5741b617 - Error while sending Batch #55c048efee (9,554 bytes) to Loki (http://localhost:3100/loki/api/v1/push) java.net.ConnectException
	at java.net.ConnectException
	at 	at java.net.http/jdk.internal.net.http.HttpClientImpl.send(HttpClientImpl.java:573)
	at 	at java.net.http/jdk.internal.net.http.HttpClientFacade.send(HttpClientFacade.java:123)
	at 	at com.github.loki4j.client.http.JavaHttpClient.send(JavaHttpClient.java:68)
	at 	at com.github.loki4j.client.pipeline.DefaultPipeline.sendBatch(DefaultPipeline.java:263)
	at 	at com.github.loki4j.client.pipeline.DefaultPipeline.sendStep(DefaultPipeline.java:249)
	at 	at com.github.loki4j.client.pipeline.DefaultPipeline.runSendLoop(DefaultPipeline.java:183)
	at 	at com.github.loki4j.client.pipeline.DefaultPipeline.lambda$start$2(DefaultPipeline.java:108)
	at 	at java.base/java.util.concurrent.ThreadPoolExecutor.runWorker(ThreadPoolExecutor.java:1136)
	at 	at java.base/java.util.concurrent.ThreadPoolExecutor$Worker.run(ThreadPoolExecutor.java:635)
	at 	at java.base/java.lang.Thread.run(Thread.java:833)
Caused by: java.net.ConnectException
	at 	at java.net.http/jdk.internal.net.http.common.Utils.toConnectException(Utils.java:1055)
	at 	at java.net.http/jdk.internal.net.http.PlainHttpConnection.connectAsync(PlainHttpConnection.java:198)
	at 	at java.net.http/jdk.internal.net.http.PlainHttpConnection.checkRetryConnect(PlainHttpConnection.java:230)
	at 	at java.net.http/jdk.internal.net.http.PlainHttpConnection.lambda$connectAsync$1(PlainHttpConnection.java:206)
	at 	at java.base/java.util.concurrent.CompletableFuture.uniHandle(CompletableFuture.java:934)
	at 	at java.base/java.util.concurrent.CompletableFuture$UniHandle.tryFire(CompletableFuture.java:911)
	at 	at java.base/java.util.concurrent.CompletableFuture.postComplete(CompletableFuture.java:510)
	at 	at java.base/java.util.concurrent.CompletableFuture$AsyncSupply.run(CompletableFuture.java:1773)
	at 	... 3 common frames omitted
Caused by: java.nio.channels.ClosedChannelException
	at 	at java.base/sun.nio.ch.SocketChannelImpl.ensureOpen(SocketChannelImpl.java:195)
	at 	at java.base/sun.nio.ch.SocketChannelImpl.beginConnect(SocketChannelImpl.java:760)
	at 	at java.base/sun.nio.ch.SocketChannelImpl.connect(SocketChannelImpl.java:848)
	at 	at java.net.http/jdk.internal.net.http.PlainHttpConnection.lambda$connectAsync$0(PlainHttpConnection.java:183)
	at 	at java.base/java.security.AccessController.doPrivileged(AccessController.java:569)
	at 	at java.net.http/jdk.internal.net.http.PlainHttpConnection.connectAsync(PlainHttpConnection.java:185)
	at 	... 9 common frames omitted
21:51:05,936 |-ERROR in com.github.loki4j.client.pipeline.DefaultPipeline@5741b617 - Error while sending Batch #5602413d18 (6,138 bytes) to Loki (http://localhost:3100/loki/api/v1/push) java.net.ConnectException
	at java.net.ConnectException
	at 	at java.net.http/jdk.internal.net.http.HttpClientImpl.send(HttpClientImpl.java:573)
	at 	at java.net.http/jdk.internal.net.http.HttpClientFacade.send(HttpClientFacade.java:123)
	at 	at com.github.loki4j.client.http.JavaHttpClient.send(JavaHttpClient.java:68)
	at 	at com.github.loki4j.client.pipeline.DefaultPipeline.sendBatch(DefaultPipeline.java:263)
	at 	at com.github.loki4j.client.pipeline.DefaultPipeline.sendStep(DefaultPipeline.java:249)
	at 	at com.github.loki4j.client.pipeline.DefaultPipeline.runSendLoop(DefaultPipeline.java:183)
	at 	at com.github.loki4j.client.pipeline.DefaultPipeline.lambda$start$2(DefaultPipeline.java:108)
	at 	at java.base/java.util.concurrent.ThreadPoolExecutor.runWorker(ThreadPoolExecutor.java:1136)
	at 	at java.base/java.util.concurrent.ThreadPoolExecutor$Worker.run(ThreadPoolExecutor.java:635)
	at 	at java.base/java.lang.Thread.run(Thread.java:833)
Caused by: java.net.ConnectException
	at 	at java.net.http/jdk.internal.net.http.common.Utils.toConnectException(Utils.java:1055)
	at 	at java.net.http/jdk.internal.net.http.PlainHttpConnection.connectAsync(PlainHttpConnection.java:198)
	at 	at java.net.http/jdk.internal.net.http.PlainHttpConnection.checkRetryConnect(PlainHttpConnection.java:230)
	at 	at java.net.http/jdk.internal.net.http.PlainHttpConnection.lambda$connectAsync$1(PlainHttpConnection.java:206)
	at 	at java.base/java.util.concurrent.CompletableFuture.uniHandle(CompletableFuture.java:934)
	at 	at java.base/java.util.concurrent.CompletableFuture$UniHandle.tryFire(CompletableFuture.java:911)
	at 	at java.base/java.util.concurrent.CompletableFuture.postComplete(CompletableFuture.java:510)
	at 	at java.base/java.util.concurrent.CompletableFuture$AsyncSupply.run(CompletableFuture.java:1773)
	at 	... 3 common frames omitted
Caused by: java.nio.channels.ClosedChannelException
	at 	at java.base/sun.nio.ch.SocketChannelImpl.ensureOpen(SocketChannelImpl.java:195)
	at 	at java.base/sun.nio.ch.SocketChannelImpl.beginConnect(SocketChannelImpl.java:760)
	at 	at java.base/sun.nio.ch.SocketChannelImpl.connect(SocketChannelImpl.java:848)
	at 	at java.net.http/jdk.internal.net.http.PlainHttpConnection.lambda$connectAsync$0(PlainHttpConnection.java:183)
	at 	at java.base/java.security.AccessController.doPrivileged(AccessController.java:569)
	at 	at java.net.http/jdk.internal.net.http.PlainHttpConnection.connectAsync(PlainHttpConnection.java:185)
	at 	... 9 common frames omitted
21:51:07,043 |-ERROR in com.github.loki4j.client.pipeline.DefaultPipeline@5741b617 - Error while sending Batch #56443f5012 (5,414 bytes) to Loki (http://localhost:3100/loki/api/v1/push) java.net.ConnectException
	at java.net.ConnectException
	at 	at java.net.http/jdk.internal.net.http.HttpClientImpl.send(HttpClientImpl.java:573)
	at 	at java.net.http/jdk.internal.net.http.HttpClientFacade.send(HttpClientFacade.java:123)
	at 	at com.github.loki4j.client.http.JavaHttpClient.send(JavaHttpClient.java:68)
	at 	at com.github.loki4j.client.pipeline.DefaultPipeline.sendBatch(DefaultPipeline.java:263)
	at 	at com.github.loki4j.client.pipeline.DefaultPipeline.sendStep(DefaultPipeline.java:249)
	at 	at com.github.loki4j.client.pipeline.DefaultPipeline.runSendLoop(DefaultPipeline.java:183)
	at 	at com.github.loki4j.client.pipeline.DefaultPipeline.lambda$start$2(DefaultPipeline.java:108)
	at 	at java.base/java.util.concurrent.ThreadPoolExecutor.runWorker(ThreadPoolExecutor.java:1136)
	at 	at java.base/java.util.concurrent.ThreadPoolExecutor$Worker.run(ThreadPoolExecutor.java:635)
	at 	at java.base/java.lang.Thread.run(Thread.java:833)
Caused by: java.net.ConnectException
	at 	at java.net.http/jdk.internal.net.http.common.Utils.toConnectException(Utils.java:1055)
	at 	at java.net.http/jdk.internal.net.http.PlainHttpConnection.connectAsync(PlainHttpConnection.java:198)
	at 	at java.net.http/jdk.internal.net.http.PlainHttpConnection.checkRetryConnect(PlainHttpConnection.java:230)
	at 	at java.net.http/jdk.internal.net.http.PlainHttpConnection.lambda$connectAsync$1(PlainHttpConnection.java:206)
	at 	at java.base/java.util.concurrent.CompletableFuture.uniHandle(CompletableFuture.java:934)
	at 	at java.base/java.util.concurrent.CompletableFuture$UniHandle.tryFire(CompletableFuture.java:911)
	at 	at java.base/java.util.concurrent.CompletableFuture.postComplete(CompletableFuture.java:510)
	at 	at java.base/java.util.concurrent.CompletableFuture$AsyncSupply.run(CompletableFuture.java:1773)
	at 	... 3 common frames omitted
Caused by: java.nio.channels.ClosedChannelException
	at 	at java.base/sun.nio.ch.SocketChannelImpl.ensureOpen(SocketChannelImpl.java:195)
	at 	at java.base/sun.nio.ch.SocketChannelImpl.beginConnect(SocketChannelImpl.java:760)
	at 	at java.base/sun.nio.ch.SocketChannelImpl.connect(SocketChannelImpl.java:848)
	at 	at java.net.http/jdk.internal.net.http.PlainHttpConnection.lambda$connectAsync$0(PlainHttpConnection.java:183)
	at 	at java.base/java.security.AccessController.doPrivileged(AccessController.java:569)
	at 	at java.net.http/jdk.internal.net.http.PlainHttpConnection.connectAsync(PlainHttpConnection.java:185)
	at 	... 9 common frames omitted
21:51:08,150 |-ERROR in com.github.loki4j.client.pipeline.DefaultPipeline@5741b617 - Error while sending Batch #568615ba1f (2,888 bytes) to Loki (http://localhost:3100/loki/api/v1/push) java.net.ConnectException
	at java.net.ConnectException
	at 	at java.net.http/jdk.internal.net.http.HttpClientImpl.send(HttpClientImpl.java:573)
	at 	at java.net.http/jdk.internal.net.http.HttpClientFacade.send(HttpClientFacade.java:123)
	at 	at com.github.loki4j.client.http.JavaHttpClient.send(JavaHttpClient.java:68)
	at 	at com.github.loki4j.client.pipeline.DefaultPipeline.sendBatch(DefaultPipeline.java:263)
	at 	at com.github.loki4j.client.pipeline.DefaultPipeline.sendStep(DefaultPipeline.java:249)
	at 	at com.github.loki4j.client.pipeline.DefaultPipeline.runSendLoop(DefaultPipeline.java:183)
	at 	at com.github.loki4j.client.pipeline.DefaultPipeline.lambda$start$2(DefaultPipeline.java:108)
	at 	at java.base/java.util.concurrent.ThreadPoolExecutor.runWorker(ThreadPoolExecutor.java:1136)
	at 	at java.base/java.util.concurrent.ThreadPoolExecutor$Worker.run(ThreadPoolExecutor.java:635)
	at 	at java.base/java.lang.Thread.run(Thread.java:833)
Caused by: java.net.ConnectException
	at 	at java.net.http/jdk.internal.net.http.common.Utils.toConnectException(Utils.java:1055)
	at 	at java.net.http/jdk.internal.net.http.PlainHttpConnection.connectAsync(PlainHttpConnection.java:198)
	at 	at java.net.http/jdk.internal.net.http.PlainHttpConnection.checkRetryConnect(PlainHttpConnection.java:230)
	at 	at java.net.http/jdk.internal.net.http.PlainHttpConnection.lambda$connectAsync$1(PlainHttpConnection.java:206)
	at 	at java.base/java.util.concurrent.CompletableFuture.uniHandle(CompletableFuture.java:934)
	at 	at java.base/java.util.concurrent.CompletableFuture$UniHandle.tryFire(CompletableFuture.java:911)
	at 	at java.base/java.util.concurrent.CompletableFuture.postComplete(CompletableFuture.java:510)
	at 	at java.base/java.util.concurrent.CompletableFuture$AsyncSupply.run(CompletableFuture.java:1773)
	at 	... 3 common frames omitted
Caused by: java.nio.channels.ClosedChannelException
	at 	at java.base/sun.nio.ch.SocketChannelImpl.ensureOpen(SocketChannelImpl.java:195)
	at 	at java.base/sun.nio.ch.SocketChannelImpl.beginConnect(SocketChannelImpl.java:760)
	at 	at java.base/sun.nio.ch.SocketChannelImpl.connect(SocketChannelImpl.java:848)
	at 	at java.net.http/jdk.internal.net.http.PlainHttpConnection.lambda$connectAsync$0(PlainHttpConnection.java:183)
	at 	at java.base/java.security.AccessController.doPrivileged(AccessController.java:569)
	at 	at java.net.http/jdk.internal.net.http.PlainHttpConnection.connectAsync(PlainHttpConnection.java:185)
	at 	... 9 common frames omitted
21:51:09,206 |-ERROR in com.github.loki4j.client.pipeline.DefaultPipeline@5741b617 - Error while sending Batch #56c673f9be (2,888 bytes) to Loki (http://localhost:3100/loki/api/v1/push) java.net.ConnectException
	at java.net.ConnectException
	at 	at java.net.http/jdk.internal.net.http.HttpClientImpl.send(HttpClientImpl.java:573)
	at 	at java.net.http/jdk.internal.net.http.HttpClientFacade.send(HttpClientFacade.java:123)
	at 	at com.github.loki4j.client.http.JavaHttpClient.send(JavaHttpClient.java:68)
	at 	at com.github.loki4j.client.pipeline.DefaultPipeline.sendBatch(DefaultPipeline.java:263)
	at 	at com.github.loki4j.client.pipeline.DefaultPipeline.sendStep(DefaultPipeline.java:249)
	at 	at com.github.loki4j.client.pipeline.DefaultPipeline.runSendLoop(DefaultPipeline.java:183)
	at 	at com.github.loki4j.client.pipeline.DefaultPipeline.lambda$start$2(DefaultPipeline.java:108)
	at 	at java.base/java.util.concurrent.ThreadPoolExecutor.runWorker(ThreadPoolExecutor.java:1136)
	at 	at java.base/java.util.concurrent.ThreadPoolExecutor$Worker.run(ThreadPoolExecutor.java:635)
	at 	at java.base/java.lang.Thread.run(Thread.java:833)
Caused by: java.net.ConnectException
	at 	at java.net.http/jdk.internal.net.http.common.Utils.toConnectException(Utils.java:1055)
	at 	at java.net.http/jdk.internal.net.http.PlainHttpConnection.connectAsync(PlainHttpConnection.java:198)
	at 	at java.net.http/jdk.internal.net.http.PlainHttpConnection.checkRetryConnect(PlainHttpConnection.java:230)
	at 	at java.net.http/jdk.internal.net.http.PlainHttpConnection.lambda$connectAsync$1(PlainHttpConnection.java:206)
	at 	at java.base/java.util.concurrent.CompletableFuture.uniHandle(CompletableFuture.java:934)
	at 	at java.base/java.util.concurrent.CompletableFuture$UniHandle.tryFire(CompletableFuture.java:911)
	at 	at java.base/java.util.concurrent.CompletableFuture.postComplete(CompletableFuture.java:510)
	at 	at java.base/java.util.concurrent.CompletableFuture$AsyncSupply.run(CompletableFuture.java:1773)
	at 	... 3 common frames omitted
Caused by: java.nio.channels.ClosedChannelException
	at 	at java.base/sun.nio.ch.SocketChannelImpl.ensureOpen(SocketChannelImpl.java:195)
	at 	at java.base/sun.nio.ch.SocketChannelImpl.beginConnect(SocketChannelImpl.java:760)
	at 	at java.base/sun.nio.ch.SocketChannelImpl.connect(SocketChannelImpl.java:848)
	at 	at java.net.http/jdk.internal.net.http.PlainHttpConnection.lambda$connectAsync$0(PlainHttpConnection.java:183)
	at 	at java.base/java.security.AccessController.doPrivileged(AccessController.java:569)
	at 	at java.net.http/jdk.internal.net.http.PlainHttpConnection.connectAsync(PlainHttpConnection.java:185)
	at 	... 9 common frames omitted
21:51:10,315 |-ERROR in com.github.loki4j.client.pipeline.DefaultPipeline@5741b617 - Error while sending Batch #570850a33d (3,308 bytes) to Loki (http://localhost:3100/loki/api/v1/push) java.net.ConnectException
	at java.net.ConnectException
	at 	at java.net.http/jdk.internal.net.http.HttpClientImpl.send(HttpClientImpl.java:573)
	at 	at java.net.http/jdk.internal.net.http.HttpClientFacade.send(HttpClientFacade.java:123)
	at 	at com.github.loki4j.client.http.JavaHttpClient.send(JavaHttpClient.java:68)
	at 	at com.github.loki4j.client.pipeline.DefaultPipeline.sendBatch(DefaultPipeline.java:263)
	at 	at com.github.loki4j.client.pipeline.DefaultPipeline.sendStep(DefaultPipeline.java:249)
	at 	at com.github.loki4j.client.pipeline.DefaultPipeline.runSendLoop(DefaultPipeline.java:183)
	at 	at com.github.loki4j.client.pipeline.DefaultPipeline.lambda$start$2(DefaultPipeline.java:108)
	at 	at java.base/java.util.concurrent.ThreadPoolExecutor.runWorker(ThreadPoolExecutor.java:1136)
	at 	at java.base/java.util.concurrent.ThreadPoolExecutor$Worker.run(ThreadPoolExecutor.java:635)
	at 	at java.base/java.lang.Thread.run(Thread.java:833)
Caused by: java.net.ConnectException
	at 	at java.net.http/jdk.internal.net.http.common.Utils.toConnectException(Utils.java:1055)
	at 	at java.net.http/jdk.internal.net.http.PlainHttpConnection.connectAsync(PlainHttpConnection.java:198)
	at 	at java.net.http/jdk.internal.net.http.PlainHttpConnection.checkRetryConnect(PlainHttpConnection.java:230)
	at 	at java.net.http/jdk.internal.net.http.PlainHttpConnection.lambda$connectAsync$1(PlainHttpConnection.java:206)
	at 	at java.base/java.util.concurrent.CompletableFuture.uniHandle(CompletableFuture.java:934)
	at 	at java.base/java.util.concurrent.CompletableFuture$UniHandle.tryFire(CompletableFuture.java:911)
	at 	at java.base/java.util.concurrent.CompletableFuture.postComplete(CompletableFuture.java:510)
	at 	at java.base/java.util.concurrent.CompletableFuture$AsyncSupply.run(CompletableFuture.java:1773)
	at 	... 3 common frames omitted
Caused by: java.nio.channels.ClosedChannelException
	at 	at java.base/sun.nio.ch.SocketChannelImpl.ensureOpen(SocketChannelImpl.java:195)
	at 	at java.base/sun.nio.ch.SocketChannelImpl.beginConnect(SocketChannelImpl.java:760)
	at 	at java.base/sun.nio.ch.SocketChannelImpl.connect(SocketChannelImpl.java:848)
	at 	at java.net.http/jdk.internal.net.http.PlainHttpConnection.lambda$connectAsync$0(PlainHttpConnection.java:183)
	at 	at java.base/java.security.AccessController.doPrivileged(AccessController.java:569)
	at 	at java.net.http/jdk.internal.net.http.PlainHttpConnection.connectAsync(PlainHttpConnection.java:185)
	at 	... 9 common frames omitted
21:51:11,353 |-ERROR in com.github.loki4j.client.pipeline.DefaultPipeline@5741b617 - Error while sending Batch #5744d08b08 (3,145 bytes) to Loki (http://localhost:3100/loki/api/v1/push) java.net.ConnectException
	at java.net.ConnectException
	at 	at java.net.http/jdk.internal.net.http.HttpClientImpl.send(HttpClientImpl.java:573)
	at 	at java.net.http/jdk.internal.net.http.HttpClientFacade.send(HttpClientFacade.java:123)
	at 	at com.github.loki4j.client.http.JavaHttpClient.send(JavaHttpClient.java:68)
	at 	at com.github.loki4j.client.pipeline.DefaultPipeline.sendBatch(DefaultPipeline.java:263)
	at 	at com.github.loki4j.client.pipeline.DefaultPipeline.sendStep(DefaultPipeline.java:249)
	at 	at com.github.loki4j.client.pipeline.DefaultPipeline.runSendLoop(DefaultPipeline.java:183)
	at 	at com.github.loki4j.client.pipeline.DefaultPipeline.lambda$start$2(DefaultPipeline.java:108)
	at 	at java.base/java.util.concurrent.ThreadPoolExecutor.runWorker(ThreadPoolExecutor.java:1136)
	at 	at java.base/java.util.concurrent.ThreadPoolExecutor$Worker.run(ThreadPoolExecutor.java:635)
	at 	at java.base/java.lang.Thread.run(Thread.java:833)
Caused by: java.net.ConnectException
	at 	at java.net.http/jdk.internal.net.http.common.Utils.toConnectException(Utils.java:1055)
	at 	at java.net.http/jdk.internal.net.http.PlainHttpConnection.connectAsync(PlainHttpConnection.java:198)
	at 	at java.net.http/jdk.internal.net.http.PlainHttpConnection.checkRetryConnect(PlainHttpConnection.java:230)
	at 	at java.net.http/jdk.internal.net.http.PlainHttpConnection.lambda$connectAsync$1(PlainHttpConnection.java:206)
	at 	at java.base/java.util.concurrent.CompletableFuture.uniHandle(CompletableFuture.java:934)
	at 	at java.base/java.util.concurrent.CompletableFuture$UniHandle.tryFire(CompletableFuture.java:911)
	at 	at java.base/java.util.concurrent.CompletableFuture.postComplete(CompletableFuture.java:510)
	at 	at java.base/java.util.concurrent.CompletableFuture$AsyncSupply.run(CompletableFuture.java:1773)
	at 	... 3 common frames omitted
Caused by: java.nio.channels.ClosedChannelException
	at 	at java.base/sun.nio.ch.SocketChannelImpl.ensureOpen(SocketChannelImpl.java:195)
	at 	at java.base/sun.nio.ch.SocketChannelImpl.beginConnect(SocketChannelImpl.java:760)
	at 	at java.base/sun.nio.ch.SocketChannelImpl.connect(SocketChannelImpl.java:848)
	at 	at java.net.http/jdk.internal.net.http.PlainHttpConnection.lambda$connectAsync$0(PlainHttpConnection.java:183)
	at 	at java.base/java.security.AccessController.doPrivileged(AccessController.java:569)
	at 	at java.net.http/jdk.internal.net.http.PlainHttpConnection.connectAsync(PlainHttpConnection.java:185)
	at 	... 9 common frames omitted
21:51:12,423 |-ERROR in com.github.loki4j.client.pipeline.DefaultPipeline@5741b617 - Error while sending Batch #57853ade0d (308 bytes) to Loki (http://localhost:3100/loki/api/v1/push) java.net.ConnectException
	at java.net.ConnectException
	at 	at java.net.http/jdk.internal.net.http.HttpClientImpl.send(HttpClientImpl.java:573)
	at 	at java.net.http/jdk.internal.net.http.HttpClientFacade.send(HttpClientFacade.java:123)
	at 	at com.github.loki4j.client.http.JavaHttpClient.send(JavaHttpClient.java:68)
	at 	at com.github.loki4j.client.pipeline.DefaultPipeline.sendBatch(DefaultPipeline.java:263)
	at 	at com.github.loki4j.client.pipeline.DefaultPipeline.sendStep(DefaultPipeline.java:249)
	at 	at com.github.loki4j.client.pipeline.DefaultPipeline.runSendLoop(DefaultPipeline.java:183)
	at 	at com.github.loki4j.client.pipeline.DefaultPipeline.lambda$start$2(DefaultPipeline.java:108)
	at 	at java.base/java.util.concurrent.ThreadPoolExecutor.runWorker(ThreadPoolExecutor.java:1136)
	at 	at java.base/java.util.concurrent.ThreadPoolExecutor$Worker.run(ThreadPoolExecutor.java:635)
	at 	at java.base/java.lang.Thread.run(Thread.java:833)
Caused by: java.net.ConnectException
	at 	at java.net.http/jdk.internal.net.http.common.Utils.toConnectException(Utils.java:1055)
	at 	at java.net.http/jdk.internal.net.http.PlainHttpConnection.connectAsync(PlainHttpConnection.java:198)
	at 	at java.net.http/jdk.internal.net.http.PlainHttpConnection.checkRetryConnect(PlainHttpConnection.java:230)
	at 	at java.net.http/jdk.internal.net.http.PlainHttpConnection.lambda$connectAsync$1(PlainHttpConnection.java:206)
	at 	at java.base/java.util.concurrent.CompletableFuture.uniHandle(CompletableFuture.java:934)
	at 	at java.base/java.util.concurrent.CompletableFuture$UniHandle.tryFire(CompletableFuture.java:911)
	at 	at java.base/java.util.concurrent.CompletableFuture.postComplete(CompletableFuture.java:510)
	at 	at java.base/java.util.concurrent.CompletableFuture$AsyncSupply.run(CompletableFuture.java:1773)
[...]
	at 	at java.base/java.security.AccessController.doPrivileged(AccessController.java:569)
	at 	at java.net.http/jdk.internal.net.http.PlainHttpConnection.connectAsync(PlainHttpConnection.java:185)
	at 	... 9 common frames omitted
21:51:20,239 |-ERROR in com.github.loki4j.client.pipeline.DefaultPipeline@5741b617 - Error while sending Batch #5956f088bf (1,565 bytes) to Loki (http://localhost:3100/loki/api/v1/push) java.net.ConnectException
	at java.net.ConnectException
	at 	at java.net.http/jdk.internal.net.http.HttpClientImpl.send(HttpClientImpl.java:573)
	at 	at java.net.http/jdk.internal.net.http.HttpClientFacade.send(HttpClientFacade.java:123)
	at 	at com.github.loki4j.client.http.JavaHttpClient.send(JavaHttpClient.java:68)
	at 	at com.github.loki4j.client.pipeline.DefaultPipeline.sendBatch(DefaultPipeline.java:263)
	at 	at com.github.loki4j.client.pipeline.DefaultPipeline.sendStep(DefaultPipeline.java:249)
	at 	at com.github.loki4j.client.pipeline.DefaultPipeline.runSendLoop(DefaultPipeline.java:183)
	at 	at com.github.loki4j.client.pipeline.DefaultPipeline.lambda$start$2(DefaultPipeline.java:108)
	at 	at java.base/java.util.concurrent.ThreadPoolExecutor.runWorker(ThreadPoolExecutor.java:1136)
	at 	at java.base/java.util.concurrent.ThreadPoolExecutor$Worker.run(ThreadPoolExecutor.java:635)
	at 	at java.base/java.lang.Thread.run(Thread.java:833)
Caused by: java.net.ConnectException
	at 	at java.net.http/jdk.internal.net.http.common.Utils.toConnectException(Utils.java:1055)
	at 	at java.net.http/jdk.internal.net.http.PlainHttpConnection.connectAsync(PlainHttpConnection.java:198)
	at 	at java.net.http/jdk.internal.net.http.PlainHttpConnection.checkRetryConnect(PlainHttpConnection.java:230)
	at 	at java.net.http/jdk.internal.net.http.PlainHttpConnection.lambda$connectAsync$1(PlainHttpConnection.java:206)
	at 	at java.base/java.util.concurrent.CompletableFuture.uniHandle(CompletableFuture.java:934)
	at 	at java.base/java.util.concurrent.CompletableFuture$UniHandle.tryFire(CompletableFuture.java:911)
	at 	at java.base/java.util.concurrent.CompletableFuture.postComplete(CompletableFuture.java:510)
	at 	at java.base/java.util.concurrent.CompletableFuture$AsyncSupply.run(CompletableFuture.java:1773)
	at 	... 3 common frames omitted
Caused by: java.nio.channels.ClosedChannelException
	at 	at java.base/sun.nio.ch.SocketChannelImpl.ensureOpen(SocketChannelImpl.java:195)
	at 	at java.base/sun.nio.ch.SocketChannelImpl.beginConnect(SocketChannelImpl.java:760)
	at 	at java.base/sun.nio.ch.SocketChannelImpl.connect(SocketChannelImpl.java:848)
	at 	at java.net.http/jdk.internal.net.http.PlainHttpConnection.lambda$connectAsync$0(PlainHttpConnection.java:183)
	at 	at java.base/java.security.AccessController.doPrivileged(AccessController.java:569)
	at 	at java.net.http/jdk.internal.net.http.PlainHttpConnection.connectAsync(PlainHttpConnection.java:185)
	at 	... 9 common frames omitted
21:51:21,337 |-ERROR in com.github.loki4j.client.pipeline.DefaultPipeline@5741b617 - Error while sending Batch #5998227db6 (319 bytes) to Loki (http://localhost:3100/loki/api/v1/push) java.net.ConnectException
	at java.net.ConnectException
	at 	at java.net.http/jdk.internal.net.http.HttpClientImpl.send(HttpClientImpl.java:573)
	at 	at java.net.http/jdk.internal.net.http.HttpClientFacade.send(HttpClientFacade.java:123)
	at 	at com.github.loki4j.client.http.JavaHttpClient.send(JavaHttpClient.java:68)
	at 	at com.github.loki4j.client.pipeline.DefaultPipeline.sendBatch(DefaultPipeline.java:263)
	at 	at com.github.loki4j.client.pipeline.DefaultPipeline.sendStep(DefaultPipeline.java:249)
	at 	at com.github.loki4j.client.pipeline.DefaultPipeline.runSendLoop(DefaultPipeline.java:183)
	at 	at com.github.loki4j.client.pipeline.DefaultPipeline.lambda$start$2(DefaultPipeline.java:108)
	at 	at java.base/java.util.concurrent.ThreadPoolExecutor.runWorker(ThreadPoolExecutor.java:1136)
	at 	at java.base/java.util.concurrent.ThreadPoolExecutor$Worker.run(ThreadPoolExecutor.java:635)
	at 	at java.base/java.lang.Thread.run(Thread.java:833)
Caused by: java.net.ConnectException
	at 	at java.net.http/jdk.internal.net.http.common.Utils.toConnectException(Utils.java:1055)
	at 	at java.net.http/jdk.internal.net.http.PlainHttpConnection.connectAsync(PlainHttpConnection.java:198)
	at 	at java.net.http/jdk.internal.net.http.PlainHttpConnection.checkRetryConnect(PlainHttpConnection.java:230)
	at 	at java.net.http/jdk.internal.net.http.PlainHttpConnection.lambda$connectAsync$1(PlainHttpConnection.java:206)
	at 	at java.base/java.util.concurrent.CompletableFuture.uniHandle(CompletableFuture.java:934)
	at 	at java.base/java.util.concurrent.CompletableFuture$UniHandle.tryFire(CompletableFuture.java:911)
	at 	at java.base/java.util.concurrent.CompletableFuture.postComplete(CompletableFuture.java:510)
	at 	at java.base/java.util.concurrent.CompletableFuture$AsyncSupply.run(CompletableFuture.java:1773)
	at 	... 3 common frames omitted
Caused by: java.nio.channels.ClosedChannelException
	at 	at java.base/sun.nio.ch.SocketChannelImpl.ensureOpen(SocketChannelImpl.java:195)
	at 	at java.base/sun.nio.ch.SocketChannelImpl.beginConnect(SocketChannelImpl.java:760)
	at 	at java.base/sun.nio.ch.SocketChannelImpl.connect(SocketChannelImpl.java:848)
	at 	at java.net.http/jdk.internal.net.http.PlainHttpConnection.lambda$connectAsync$0(PlainHttpConnection.java:183)
	at 	at java.base/java.security.AccessController.doPrivileged(AccessController.java:569)
	at 	at java.net.http/jdk.internal.net.http.PlainHttpConnection.connectAsync(PlainHttpConnection.java:185)
	at 	... 9 common frames omitted
21:51:22,941 |-ERROR in com.github.loki4j.client.pipeline.DefaultPipeline@5741b617 - Error while sending Batch #59f7b9d3d4 (663 bytes) to Loki (http://localhost:3100/loki/api/v1/push) java.net.ConnectException
	at java.net.ConnectException
	at 	at java.net.http/jdk.internal.net.http.HttpClientImpl.send(HttpClientImpl.java:573)
	at 	at java.net.http/jdk.internal.net.http.HttpClientFacade.send(HttpClientFacade.java:123)
	at 	at com.github.loki4j.client.http.JavaHttpClient.send(JavaHttpClient.java:68)
	at 	at com.github.loki4j.client.pipeline.DefaultPipeline.sendBatch(DefaultPipeline.java:263)
	at 	at com.github.loki4j.client.pipeline.DefaultPipeline.sendStep(DefaultPipeline.java:249)
	at 	at com.github.loki4j.client.pipeline.DefaultPipeline.runSendLoop(DefaultPipeline.java:183)
	at 	at com.github.loki4j.client.pipeline.DefaultPipeline.lambda$start$2(DefaultPipeline.java:108)
	at 	at java.base/java.util.concurrent.ThreadPoolExecutor.runWorker(ThreadPoolExecutor.java:1136)
	at 	at java.base/java.util.concurrent.ThreadPoolExecutor$Worker.run(ThreadPoolExecutor.java:635)
	at 	at java.base/java.lang.Thread.run(Thread.java:833)
Caused by: java.net.ConnectException
	at 	at java.net.http/jdk.internal.net.http.common.Utils.toConnectException(Utils.java:1055)
	at 	at java.net.http/jdk.internal.net.http.PlainHttpConnection.connectAsync(PlainHttpConnection.java:198)
	at 	at java.net.http/jdk.internal.net.http.PlainHttpConnection.checkRetryConnect(PlainHttpConnection.java:230)
	at 	at java.net.http/jdk.internal.net.http.PlainHttpConnection.lambda$connectAsync$1(PlainHttpConnection.java:206)
	at 	at java.base/java.util.concurrent.CompletableFuture.uniHandle(CompletableFuture.java:934)
	at 	at java.base/java.util.concurrent.CompletableFuture$UniHandle.tryFire(CompletableFuture.java:911)
	at 	at java.base/java.util.concurrent.CompletableFuture.postComplete(CompletableFuture.java:510)
	at 	at java.base/java.util.concurrent.CompletableFuture$AsyncSupply.run(CompletableFuture.java:1773)
	at 	... 3 common frames omitted
Caused by: java.nio.channels.ClosedChannelException
	at 	at java.base/sun.nio.ch.SocketChannelImpl.ensureOpen(SocketChannelImpl.java:195)
	at 	at java.base/sun.nio.ch.SocketChannelImpl.beginConnect(SocketChannelImpl.java:760)
	at 	at java.base/sun.nio.ch.SocketChannelImpl.connect(SocketChannelImpl.java:848)
	at 	at java.net.http/jdk.internal.net.http.PlainHttpConnection.lambda$connectAsync$0(PlainHttpConnection.java:183)
	at 	at java.base/java.security.AccessController.doPrivileged(AccessController.java:569)
	at 	at java.net.http/jdk.internal.net.http.PlainHttpConnection.connectAsync(PlainHttpConnection.java:185)
	at 	... 9 common frames omitted
21:51:24,018 |-ERROR in com.github.loki4j.client.pipeline.DefaultPipeline@5741b617 - Error while sending Batch #5a3963c1a1 (349 bytes) to Loki (http://localhost:3100/loki/api/v1/push) java.net.ConnectException
	at java.net.ConnectException
	at 	at java.net.http/jdk.internal.net.http.HttpClientImpl.send(HttpClientImpl.java:573)
	at 	at java.net.http/jdk.internal.net.http.HttpClientFacade.send(HttpClientFacade.java:123)
	at 	at com.github.loki4j.client.http.JavaHttpClient.send(JavaHttpClient.java:68)
	at 	at com.github.loki4j.client.pipeline.DefaultPipeline.sendBatch(DefaultPipeline.java:263)
	at 	at com.github.loki4j.client.pipeline.DefaultPipeline.sendStep(DefaultPipeline.java:249)
	at 	at com.github.loki4j.client.pipeline.DefaultPipeline.runSendLoop(DefaultPipeline.java:183)
	at 	at com.github.loki4j.client.pipeline.DefaultPipeline.lambda$start$2(DefaultPipeline.java:108)
	at 	at java.base/java.util.concurrent.ThreadPoolExecutor.runWorker(ThreadPoolExecutor.java:1136)
	at 	at java.base/java.util.concurrent.ThreadPoolExecutor$Worker.run(ThreadPoolExecutor.java:635)
	at 	at java.base/java.lang.Thread.run(Thread.java:833)
Caused by: java.net.ConnectException
	at 	at java.net.http/jdk.internal.net.http.common.Utils.toConnectException(Utils.java:1055)
	at 	at java.net.http/jdk.internal.net.http.PlainHttpConnection.connectAsync(PlainHttpConnection.java:198)
	at 	at java.net.http/jdk.internal.net.http.PlainHttpConnection.checkRetryConnect(PlainHttpConnection.java:230)
	at 	at java.net.http/jdk.internal.net.http.PlainHttpConnection.lambda$connectAsync$1(PlainHttpConnection.java:206)
	at 	at java.base/java.util.concurrent.CompletableFuture.uniHandle(CompletableFuture.java:934)
	at 	at java.base/java.util.concurrent.CompletableFuture$UniHandle.tryFire(CompletableFuture.java:911)
	at 	at java.base/java.util.concurrent.CompletableFuture.postComplete(CompletableFuture.java:510)
	at 	at java.base/java.util.concurrent.CompletableFuture$AsyncSupply.run(CompletableFuture.java:1773)
	at 	... 3 common frames omitted
Caused by: java.nio.channels.ClosedChannelException
	at 	at java.base/sun.nio.ch.SocketChannelImpl.ensureOpen(SocketChannelImpl.java:195)
	at 	at java.base/sun.nio.ch.SocketChannelImpl.beginConnect(SocketChannelImpl.java:760)
	at 	at java.base/sun.nio.ch.SocketChannelImpl.connect(SocketChannelImpl.java:848)
	at 	at java.net.http/jdk.internal.net.http.PlainHttpConnection.lambda$connectAsync$0(PlainHttpConnection.java:183)
	at 	at java.base/java.security.AccessController.doPrivileged(AccessController.java:569)
	at 	at java.net.http/jdk.internal.net.http.PlainHttpConnection.connectAsync(PlainHttpConnection.java:185)
	at 	... 9 common frames omitted
21:51:26,918 |-ERROR in com.github.loki4j.client.pipeline.DefaultPipeline@5741b617 - Error while sending Batch #5ae6324b6c (337 bytes) to Loki (http://localhost:3100/loki/api/v1/push) java.net.ConnectException
	at java.net.ConnectException
	at 	at java.net.http/jdk.internal.net.http.HttpClientImpl.send(HttpClientImpl.java:573)
	at 	at java.net.http/jdk.internal.net.http.HttpClientFacade.send(HttpClientFacade.java:123)
	at 	at com.github.loki4j.client.http.JavaHttpClient.send(JavaHttpClient.java:68)
	at 	at com.github.loki4j.client.pipeline.DefaultPipeline.sendBatch(DefaultPipeline.java:263)
	at 	at com.github.loki4j.client.pipeline.DefaultPipeline.sendStep(DefaultPipeline.java:249)
	at 	at com.github.loki4j.client.pipeline.DefaultPipeline.runSendLoop(DefaultPipeline.java:183)
	at 	at com.github.loki4j.client.pipeline.DefaultPipeline.lambda$start$2(DefaultPipeline.java:108)
	at 	at java.base/java.util.concurrent.ThreadPoolExecutor.runWorker(ThreadPoolExecutor.java:1136)
	at 	at java.base/java.util.concurrent.ThreadPoolExecutor$Worker.run(ThreadPoolExecutor.java:635)
	at 	at java.base/java.lang.Thread.run(Thread.java:833)
Caused by: java.net.ConnectException
	at 	at java.net.http/jdk.internal.net.http.common.Utils.toConnectException(Utils.java:1055)
	at 	at java.net.http/jdk.internal.net.http.PlainHttpConnection.connectAsync(PlainHttpConnection.java:198)
	at 	at java.net.http/jdk.internal.net.http.PlainHttpConnection.checkRetryConnect(PlainHttpConnection.java:230)
	at 	at java.net.http/jdk.internal.net.http.PlainHttpConnection.lambda$connectAsync$1(PlainHttpConnection.java:206)
	at 	at java.base/java.util.concurrent.CompletableFuture.uniHandle(CompletableFuture.java:934)
	at 	at java.base/java.util.concurrent.CompletableFuture$UniHandle.tryFire(CompletableFuture.java:911)
	at 	at java.base/java.util.concurrent.CompletableFuture.postComplete(CompletableFuture.java:510)
	at 	at java.base/java.util.concurrent.CompletableFuture$AsyncSupply.run(CompletableFuture.java:1773)
	at 	... 3 common frames omitted
Caused by: java.nio.channels.ClosedChannelException
	at 	at java.base/sun.nio.ch.SocketChannelImpl.ensureOpen(SocketChannelImpl.java:195)
	at 	at java.base/sun.nio.ch.SocketChannelImpl.beginConnect(SocketChannelImpl.java:760)
	at 	at java.base/sun.nio.ch.SocketChannelImpl.connect(SocketChannelImpl.java:848)
	at 	at java.net.http/jdk.internal.net.http.PlainHttpConnection.lambda$connectAsync$0(PlainHttpConnection.java:183)
	at 	at java.base/java.security.AccessController.doPrivileged(AccessController.java:569)
	at 	at java.net.http/jdk.internal.net.http.PlainHttpConnection.connectAsync(PlainHttpConnection.java:185)
	at 	... 9 common frames omitted
21:51:28,046 |-ERROR in com.github.loki4j.client.pipeline.DefaultPipeline@5741b617 - Error while sending Batch #5b27f24f45 (586 bytes) to Loki (http://localhost:3100/loki/api/v1/push) java.net.ConnectException
	at java.net.ConnectException
	at 	at java.net.http/jdk.internal.net.http.HttpClientImpl.send(HttpClientImpl.java:573)
	at 	at java.net.http/jdk.internal.net.http.HttpClientFacade.send(HttpClientFacade.java:123)
	at 	at com.github.loki4j.client.http.JavaHttpClient.send(JavaHttpClient.java:68)
	at 	at com.github.loki4j.client.pipeline.DefaultPipeline.sendBatch(DefaultPipeline.java:263)
	at 	at com.github.loki4j.client.pipeline.DefaultPipeline.sendStep(DefaultPipeline.java:249)
	at 	at com.github.loki4j.client.pipeline.DefaultPipeline.runSendLoop(DefaultPipeline.java:183)
	at 	at com.github.loki4j.client.pipeline.DefaultPipeline.lambda$start$2(DefaultPipeline.java:108)
	at 	at java.base/java.util.concurrent.ThreadPoolExecutor.runWorker(ThreadPoolExecutor.java:1136)
	at 	at java.base/java.util.concurrent.ThreadPoolExecutor$Worker.run(ThreadPoolExecutor.java:635)
	at 	at java.base/java.lang.Thread.run(Thread.java:833)
Caused by: java.net.ConnectException
	at 	at java.net.http/jdk.internal.net.http.common.Utils.toConnectException(Utils.java:1055)
	at 	at java.net.http/jdk.internal.net.http.PlainHttpConnection.connectAsync(PlainHttpConnection.java:198)
	at 	at java.net.http/jdk.internal.net.http.PlainHttpConnection.checkRetryConnect(PlainHttpConnection.java:230)
	at 	at java.net.http/jdk.internal.net.http.PlainHttpConnection.lambda$connectAsync$1(PlainHttpConnection.java:206)
	at 	at java.base/java.util.concurrent.CompletableFuture.uniHandle(CompletableFuture.java:934)
	at 	at java.base/java.util.concurrent.CompletableFuture$UniHandle.tryFire(CompletableFuture.java:911)
	at 	at java.base/java.util.concurrent.CompletableFuture.postComplete(CompletableFuture.java:510)
	at 	at java.base/java.util.concurrent.CompletableFuture$AsyncSupply.run(CompletableFuture.java:1773)
	at 	... 3 common frames omitted
Caused by: java.nio.channels.ClosedChannelException
	at 	at java.base/sun.nio.ch.SocketChannelImpl.ensureOpen(SocketChannelImpl.java:195)
	at 	at java.base/sun.nio.ch.SocketChannelImpl.beginConnect(SocketChannelImpl.java:760)
	at 	at java.base/sun.nio.ch.SocketChannelImpl.connect(SocketChannelImpl.java:848)
	at 	at java.net.http/jdk.internal.net.http.PlainHttpConnection.lambda$connectAsync$0(PlainHttpConnection.java:183)
	at 	at java.base/java.security.AccessController.doPrivileged(AccessController.java:569)
	at 	at java.net.http/jdk.internal.net.http.PlainHttpConnection.connectAsync(PlainHttpConnection.java:185)
	at 	... 9 common frames omitted
]]></system-err>
  </testcase>
  <testcase name="testOwnerDetails" classname="org.springframework.samples.petclinic.PostgresIntegrationTests" time="1.427">
    <system-out><![CDATA[2023-06-22T21:51:28.651Z  INFO [app,,] org.apache.juli.logging.DirectJDKLog 13620 --- [o-auto-1-exec-1] o.a.c.c.C.[Tomcat].[localhost].[/]       : Initializing Spring DispatcherServlet 'dispatcherServlet'
2023-06-22T21:51:28.652Z  INFO [app,,] org.springframework.web.servlet.FrameworkServlet 13620 --- [o-auto-1-exec-1] o.s.web.servlet.DispatcherServlet        : Initializing Servlet 'dispatcherServlet'
2023-06-22T21:51:28.654Z  INFO [app,,] org.springframework.web.servlet.FrameworkServlet 13620 --- [o-auto-1-exec-1] o.s.web.servlet.DispatcherServlet        : Completed initialization in 2 ms
]]></system-out>
    <system-err><![CDATA[21:51:29,114 |-ERROR in com.github.loki4j.client.pipeline.DefaultPipeline@5741b617 - Error while sending Batch #5b6911e57f (790 bytes) to Loki (http://localhost:3100/loki/api/v1/push) java.net.ConnectException
	at java.net.ConnectException
	at 	at java.net.http/jdk.internal.net.http.HttpClientImpl.send(HttpClientImpl.java:573)
	at 	at java.net.http/jdk.internal.net.http.HttpClientFacade.send(HttpClientFacade.java:123)
	at 	at com.github.loki4j.client.http.JavaHttpClient.send(JavaHttpClient.java:68)
	at 	at com.github.loki4j.client.pipeline.DefaultPipeline.sendBatch(DefaultPipeline.java:263)
	at 	at com.github.loki4j.client.pipeline.DefaultPipeline.sendStep(DefaultPipeline.java:249)
	at 	at com.github.loki4j.client.pipeline.DefaultPipeline.runSendLoop(DefaultPipeline.java:183)
	at 	at com.github.loki4j.client.pipeline.DefaultPipeline.lambda$start$2(DefaultPipeline.java:108)
	at 	at java.base/java.util.concurrent.ThreadPoolExecutor.runWorker(ThreadPoolExecutor.java:1136)
	at 	at java.base/java.util.concurrent.ThreadPoolExecutor$Worker.run(ThreadPoolExecutor.java:635)
	at 	at java.base/java.lang.Thread.run(Thread.java:833)
Caused by: java.net.ConnectException
	at 	at java.net.http/jdk.internal.net.http.common.Utils.toConnectException(Utils.java:1055)
	at 	at java.net.http/jdk.internal.net.http.PlainHttpConnection.connectAsync(PlainHttpConnection.java:198)
	at 	at java.net.http/jdk.internal.net.http.PlainHttpConnection.checkRetryConnect(PlainHttpConnection.java:230)
	at 	at java.net.http/jdk.internal.net.http.PlainHttpConnection.lambda$connectAsync$1(PlainHttpConnection.java:206)
	at 	at java.base/java.util.concurrent.CompletableFuture.uniHandle(CompletableFuture.java:934)
	at 	at java.base/java.util.concurrent.CompletableFuture$UniHandle.tryFire(CompletableFuture.java:911)
	at 	at java.base/java.util.concurrent.CompletableFuture.postComplete(CompletableFuture.java:510)
	at 	at java.base/java.util.concurrent.CompletableFuture$AsyncSupply.run(CompletableFuture.java:1773)
	at 	... 3 common frames omitted
Caused by: java.nio.channels.ClosedChannelException
	at 	at java.base/sun.nio.ch.SocketChannelImpl.ensureOpen(SocketChannelImpl.java:195)
	at 	at java.base/sun.nio.ch.SocketChannelImpl.beginConnect(SocketChannelImpl.java:760)
	at 	at java.base/sun.nio.ch.SocketChannelImpl.connect(SocketChannelImpl.java:848)
	at 	at java.net.http/jdk.internal.net.http.PlainHttpConnection.lambda$connectAsync$0(PlainHttpConnection.java:183)
	at 	at java.base/java.security.AccessController.doPrivileged(AccessController.java:569)
	at 	at java.net.http/jdk.internal.net.http.PlainHttpConnection.connectAsync(PlainHttpConnection.java:185)
	at 	... 9 common frames omitted
]]></system-err>
  </testcase>
</testsuite>